#
# There is insufficient memory for the Java Runtime Environment to continue.
# Native memory allocation (malloc) failed to allocate 131088 bytes for Chunk::new
# Possible reasons:
#   The system is out of physical RAM or swap space
#   The process is running with CompressedOops enabled, and the Java Heap may be blocking the growth of the native heap
# Possible solutions:
#   Reduce memory load on the system
#   Increase physical memory or swap space
#   Check if swap backing store is full
#   Decrease Java heap size (-Xmx/-Xms)
#   Decrease number of Java threads
#   Decrease Java thread stack sizes (-Xss)
#   Set larger code cache with -XX:ReservedCodeCacheSize=
#   JVM is running with Unscaled Compressed Oops mode in which the Java heap is
#     placed in the first 4GB address space. The Java Heap base address is the
#     maximum limit for the native heap growth. Please use -XX:HeapBaseMinAddress
#     to set the Java Heap base and to place the Java Heap above 4GB virtual address.
# This output file may be truncated or incomplete.
#
#  Out of Memory Error (arena.cpp:189), pid=19048, tid=15720
#
# JRE version: Java(TM) SE Runtime Environment (17.0.10+11) (build 17.0.10+11-LTS-240)
# Java VM: Java HotSpot(TM) 64-Bit Server VM (17.0.10+11-LTS-240, mixed mode, sharing, tiered, compressed oops, compressed class ptrs, g1 gc, windows-amd64)
# No core dump will be written. Minidumps are not enabled by default on client versions of Windows
#

---------------  S U M M A R Y ------------

Command Line: -ea -Dfile.encoding=UTF-8 -Dstdout.encoding=UTF-8 -Dstderr.encoding=UTF-8 -XX:+ShowCodeDetailsInExceptionMessages org.testng.remote.RemoteTestNG -serport 53739 -protocol json -d C:\Users\BHIMASHANKAR\eclipse-workspace\NutroFusionCRM\test-output C:\Users\BHIMAS~1\AppData\Local\Temp\testng-eclipse-582187385\testng-customsuite.xml

Host: 11th Gen Intel(R) Core(TM) i3-1115G4 @ 3.00GHz, 4 cores, 3G,  Windows 10 , 64 bit Build 19041 (10.0.19041.4957)
Time: Sun Nov 24 19:38:04 2024 India Standard Time elapsed time: 21.221026 seconds (0d 0h 0m 21s)

---------------  T H R E A D  ---------------

Current thread (0x000001bb438d2000):  JavaThread "C2 CompilerThread0" daemon [_thread_in_native, id=15720, stack(0x00000086eac00000,0x00000086ead00000)]


Current CompileTask:
C2:  21221 2906       4       sun.util.locale.BaseLocale::getInstance (149 bytes)

Stack: [0x00000086eac00000,0x00000086ead00000]
Native frames: (J=compiled Java code, j=interpreted, Vv=VM code, C=native code)
V  [jvm.dll+0x677a5a]
V  [jvm.dll+0x7d8b2d]
V  [jvm.dll+0x7da48e]
V  [jvm.dll+0x7daaf3]
V  [jvm.dll+0x2455ff]
V  [jvm.dll+0xaaafb]
V  [jvm.dll+0xab09c]
V  [jvm.dll+0x69ce1f]
V  [jvm.dll+0x69d263]
V  [jvm.dll+0x69eeeb]
V  [jvm.dll+0x69d81a]
V  [jvm.dll+0x218942]
V  [jvm.dll+0x216c79]
V  [jvm.dll+0x1a3410]
V  [jvm.dll+0x226aeb]
V  [jvm.dll+0x224cab]
V  [jvm.dll+0x78e45c]
V  [jvm.dll+0x78888a]
V  [jvm.dll+0x676935]
C  [ucrtbase.dll+0x21bb2]
C  [KERNEL32.DLL+0x17374]
C  [ntdll.dll+0x4cc91]


---------------  P R O C E S S  ---------------

Threads class SMR info:
_java_thread_list=0x000001bb8a124150, length=27, elements={
0x000001bb268d4660, 0x000001bb26985870, 0x000001bb26986ae0, 0x000001bb26997500,
0x000001bb2699a580, 0x000001bb2699ce60, 0x000001bb438d0ee0, 0x000001bb438d2000,
0x000001bb438d29c0, 0x000001bb438d3a70, 0x000001bb43b16260, 0x000001bb43b22700,
0x000001bb89328790, 0x000001bb896d0350, 0x000001bb89d258d0, 0x000001bb8a6d3620,
0x000001bb8a834c30, 0x000001bb8a72da80, 0x000001bb8a72c130, 0x000001bb8a72c640,
0x000001bb8a72cb50, 0x000001bb8a72d570, 0x000001bb8a165fa0, 0x000001bb8a165a90,
0x000001bb8a1664b0, 0x000001bb8a16ab90, 0x000001bb8a1669c0
}

Java Threads: ( => current thread )
  0x000001bb268d4660 JavaThread "main" [_thread_in_native, id=18884, stack(0x00000086e9f00000,0x00000086ea000000)]
  0x000001bb26985870 JavaThread "Reference Handler" daemon [_thread_blocked, id=1288, stack(0x00000086ea600000,0x00000086ea700000)]
  0x000001bb26986ae0 JavaThread "Finalizer" daemon [_thread_blocked, id=12844, stack(0x00000086ea700000,0x00000086ea800000)]
  0x000001bb26997500 JavaThread "Signal Dispatcher" daemon [_thread_blocked, id=20444, stack(0x00000086ea800000,0x00000086ea900000)]
  0x000001bb2699a580 JavaThread "Attach Listener" daemon [_thread_blocked, id=19376, stack(0x00000086ea900000,0x00000086eaa00000)]
  0x000001bb2699ce60 JavaThread "Service Thread" daemon [_thread_blocked, id=16592, stack(0x00000086eaa00000,0x00000086eab00000)]
  0x000001bb438d0ee0 JavaThread "Monitor Deflation Thread" daemon [_thread_blocked, id=18688, stack(0x00000086eab00000,0x00000086eac00000)]
=>0x000001bb438d2000 JavaThread "C2 CompilerThread0" daemon [_thread_in_native, id=15720, stack(0x00000086eac00000,0x00000086ead00000)]
  0x000001bb438d29c0 JavaThread "C1 CompilerThread0" daemon [_thread_blocked, id=19064, stack(0x00000086ead00000,0x00000086eae00000)]
  0x000001bb438d3a70 JavaThread "Sweeper thread" daemon [_thread_blocked, id=20356, stack(0x00000086eae00000,0x00000086eaf00000)]
  0x000001bb43b16260 JavaThread "Notification Thread" daemon [_thread_blocked, id=7332, stack(0x00000086eaf00000,0x00000086eb000000)]
  0x000001bb43b22700 JavaThread "Common-Cleaner" daemon [_thread_blocked, id=12688, stack(0x00000086eb100000,0x00000086eb200000)]
  0x000001bb89328790 JavaThread "ReaderThread" [_thread_in_native, id=8188, stack(0x00000086eb300000,0x00000086eb400000)]
  0x000001bb896d0350 JavaThread "mysql-cj-abandoned-connection-cleanup" daemon [_thread_blocked, id=17200, stack(0x00000086eb700000,0x00000086eb800000)]
  0x000001bb89d258d0 JavaThread "ForkJoinPool.commonPool-worker-1" daemon [_thread_blocked, id=18396, stack(0x00000086eb800000,0x00000086eb900000)]
  0x000001bb8a6d3620 JavaThread "HttpClient-1-SelectorManager" daemon [_thread_in_native, id=844, stack(0x00000086eb900000,0x00000086eba00000)]
  0x000001bb8a834c30 JavaThread "External Process Output Forwarder - C:\Users\BHIMASHANKAR\.cache\selenium\chromedriver\win64\131.0.6778.85\chromedriver.exe" daemon [_thread_in_native, id=14312, stack(0x00000086eba00000,0x00000086ebb00000)]
  0x000001bb8a72da80 JavaThread "Driver Service Executor" daemon [_thread_blocked, id=11608, stack(0x00000086ebb00000,0x00000086ebc00000)]
  0x000001bb8a72c130 JavaThread "Driver Service Executor" daemon [_thread_in_native, id=15532, stack(0x00000086ebc00000,0x00000086ebd00000)]
  0x000001bb8a72c640 JavaThread "UrlChecker-2" daemon [_thread_blocked, id=20276, stack(0x00000086ebd00000,0x00000086ebe00000)]
  0x000001bb8a72cb50 JavaThread "pool-1-thread-1" [_thread_blocked, id=11312, stack(0x00000086ebf00000,0x00000086ec000000)]
  0x000001bb8a72d570 JavaThread "pool-1-thread-2" [_thread_blocked, id=15520, stack(0x00000086ec000000,0x00000086ec100000)]
  0x000001bb8a165fa0 JavaThread "pool-1-thread-3" [_thread_blocked, id=21344, stack(0x00000086ec100000,0x00000086ec200000)]
  0x000001bb8a165a90 JavaThread "HttpClient-2-SelectorManager" daemon [_thread_in_native, id=2476, stack(0x00000086ebe00000,0x00000086ebf00000)]
  0x000001bb8a1664b0 JavaThread "pool-2-thread-1" [_thread_blocked, id=10356, stack(0x00000086ec200000,0x00000086ec300000)]
  0x000001bb8a16ab90 JavaThread "pool-2-thread-2" [_thread_blocked, id=18372, stack(0x00000086ec300000,0x00000086ec400000)]
  0x000001bb8a1669c0 JavaThread "pool-2-thread-3" [_thread_blocked, id=3308, stack(0x00000086ec400000,0x00000086ec500000)]

Other Threads:
  0x000001bb2697e300 VMThread "VM Thread" [stack: 0x00000086ea500000,0x00000086ea600000] [id=5024]
  0x000001bb26920df0 WatcherThread [stack: 0x00000086eb000000,0x00000086eb100000] [id=12136]
  0x000001bb2690fc60 GCTaskThread "GC Thread#0" [stack: 0x00000086ea000000,0x00000086ea100000] [id=16804]
  0x000001bb891749a0 GCTaskThread "GC Thread#1" [stack: 0x00000086eb400000,0x00000086eb500000] [id=16028]
  0x000001bb89174c60 GCTaskThread "GC Thread#2" [stack: 0x00000086eb500000,0x00000086eb600000] [id=18460]
  0x000001bb89174f20 GCTaskThread "GC Thread#3" [stack: 0x00000086eb600000,0x00000086eb700000] [id=1800]
  0x000001bb269199f0 ConcurrentGCThread "G1 Main Marker" [stack: 0x00000086ea100000,0x00000086ea200000] [id=20888]
  0x000001bb2691a310 ConcurrentGCThread "G1 Conc#0" [stack: 0x00000086ea200000,0x00000086ea300000] [id=20996]
  0x000001bb2695ba40 ConcurrentGCThread "G1 Refine#0" [stack: 0x00000086ea300000,0x00000086ea400000] [id=19964]
  0x000001bb2695c380 ConcurrentGCThread "G1 Service" [stack: 0x00000086ea400000,0x00000086ea500000] [id=12752]

Threads with active compile tasks:
C2 CompilerThread0    21287 2906       4       sun.util.locale.BaseLocale::getInstance (149 bytes)

VM state: not at safepoint (normal execution)

VM Mutex/Monitor currently owned by a thread: None

Heap address: 0x00000000c4400000, size: 956 MB, Compressed Oops mode: 32-bit

CDS archive(s) mapped at: [0x000001bb44000000-0x000001bb44bd0000-0x000001bb44bd0000), size 12386304, SharedBaseAddress: 0x000001bb44000000, ArchiveRelocationMode: 1.
Compressed class space mapped at: 0x000001bb45000000-0x000001bb85000000, reserved size: 1073741824
Narrow klass base: 0x000001bb44000000, Narrow klass shift: 0, Narrow klass range: 0x100000000

GC Precious Log:
 CPUs: 4 total, 4 available
 Memory: 3818M
 Large Page Support: Disabled
 NUMA Support: Disabled
 Compressed Oops: Enabled (32-bit)
 Heap Region Size: 1M
 Heap Min Capacity: 8M
 Heap Initial Capacity: 60M
 Heap Max Capacity: 956M
 Pre-touch: Disabled
 Parallel Workers: 4
 Concurrent Workers: 1
 Concurrent Refinement Workers: 4
 Periodic GC: Disabled

Heap:
 garbage-first heap   total 48128K, used 30701K [0x00000000c4400000, 0x0000000100000000)
  region size 1024K, 24 young (24576K), 4 survivors (4096K)
 Metaspace       used 26776K, committed 27200K, reserved 1114112K
  class space    used 3206K, committed 3392K, reserved 1048576K

Heap Regions: E=young(eden), S=young(survivor), O=old, HS=humongous(starts), HC=humongous(continues), CS=collection set, F=free, OA=open archive, CA=closed archive, TAMS=top-at-mark-start (previous, next)
|   0|0x00000000c4400000, 0x00000000c4500000, 0x00000000c4500000|100%| O|  |TAMS 0x00000000c4500000, 0x00000000c4400000| Untracked 
|   1|0x00000000c4500000, 0x00000000c4600000, 0x00000000c4600000|100%| O|  |TAMS 0x00000000c4600000, 0x00000000c4500000| Untracked 
|   2|0x00000000c4600000, 0x00000000c4700000, 0x00000000c4700000|100%| O|  |TAMS 0x00000000c4700000, 0x00000000c4600000| Untracked 
|   3|0x00000000c4700000, 0x00000000c4800000, 0x00000000c4800000|100%| O|  |TAMS 0x00000000c4800000, 0x00000000c4700000| Untracked 
|   4|0x00000000c4800000, 0x00000000c4900000, 0x00000000c4900000|100%| O|  |TAMS 0x00000000c4900000, 0x00000000c4800000| Untracked 
|   5|0x00000000c4900000, 0x00000000c4a00000, 0x00000000c4a00000|100%| O|  |TAMS 0x00000000c49e4a00, 0x00000000c4900000| Untracked 
|   6|0x00000000c4a00000, 0x00000000c4b00000, 0x00000000c4b00000|100%| O|  |TAMS 0x00000000c4a00000, 0x00000000c4a00000| Untracked 
|   7|0x00000000c4b00000, 0x00000000c4c00000, 0x00000000c4c00000|100%| O|  |TAMS 0x00000000c4b00000, 0x00000000c4b00000| Untracked 
|   8|0x00000000c4c00000, 0x00000000c4cdca00, 0x00000000c4d00000| 86%| O|  |TAMS 0x00000000c4c00000, 0x00000000c4c00000| Untracked 
|   9|0x00000000c4d00000, 0x00000000c4d00000, 0x00000000c4e00000|  0%| F|  |TAMS 0x00000000c4d00000, 0x00000000c4d00000| Untracked 
|  10|0x00000000c4e00000, 0x00000000c4e00000, 0x00000000c4f00000|  0%| F|  |TAMS 0x00000000c4e00000, 0x00000000c4e00000| Untracked 
|  11|0x00000000c4f00000, 0x00000000c4f00000, 0x00000000c5000000|  0%| F|  |TAMS 0x00000000c4f00000, 0x00000000c4f00000| Untracked 
|  12|0x00000000c5000000, 0x00000000c5000000, 0x00000000c5100000|  0%| F|  |TAMS 0x00000000c5000000, 0x00000000c5000000| Untracked 
|  13|0x00000000c5100000, 0x00000000c5100000, 0x00000000c5200000|  0%| F|  |TAMS 0x00000000c5100000, 0x00000000c5100000| Untracked 
|  14|0x00000000c5200000, 0x00000000c5200000, 0x00000000c5300000|  0%| F|  |TAMS 0x00000000c5200000, 0x00000000c5200000| Untracked 
|  15|0x00000000c5300000, 0x00000000c5300000, 0x00000000c5400000|  0%| F|  |TAMS 0x00000000c5300000, 0x00000000c5300000| Untracked 
|  16|0x00000000c5400000, 0x00000000c5400000, 0x00000000c5500000|  0%| F|  |TAMS 0x00000000c5400000, 0x00000000c5400000| Untracked 
|  17|0x00000000c5500000, 0x00000000c5500000, 0x00000000c5600000|  0%| F|  |TAMS 0x00000000c5500000, 0x00000000c5500000| Untracked 
|  18|0x00000000c5600000, 0x00000000c5600000, 0x00000000c5700000|  0%| F|  |TAMS 0x00000000c5600000, 0x00000000c5600000| Untracked 
|  19|0x00000000c5700000, 0x00000000c5700000, 0x00000000c5800000|  0%| F|  |TAMS 0x00000000c5700000, 0x00000000c5700000| Untracked 
|  20|0x00000000c5800000, 0x00000000c5800000, 0x00000000c5900000|  0%| F|  |TAMS 0x00000000c5800000, 0x00000000c5800000| Untracked 
|  21|0x00000000c5900000, 0x00000000c5900000, 0x00000000c5a00000|  0%| F|  |TAMS 0x00000000c5900000, 0x00000000c5900000| Untracked 
|  22|0x00000000c5a00000, 0x00000000c5a00000, 0x00000000c5b00000|  0%| F|  |TAMS 0x00000000c5a00000, 0x00000000c5a00000| Untracked 
|  23|0x00000000c5b00000, 0x00000000c5bef950, 0x00000000c5c00000| 93%| E|  |TAMS 0x00000000c5b00000, 0x00000000c5b00000| Complete 
|  24|0x00000000c5c00000, 0x00000000c5d00000, 0x00000000c5d00000|100%| E|CS|TAMS 0x00000000c5c00000, 0x00000000c5c00000| Complete 
|  25|0x00000000c5d00000, 0x00000000c5e00000, 0x00000000c5e00000|100%| E|CS|TAMS 0x00000000c5d00000, 0x00000000c5d00000| Complete 
|  26|0x00000000c5e00000, 0x00000000c5f00000, 0x00000000c5f00000|100%| E|CS|TAMS 0x00000000c5e00000, 0x00000000c5e00000| Complete 
|  27|0x00000000c5f00000, 0x00000000c6000000, 0x00000000c6000000|100%| E|CS|TAMS 0x00000000c5f00000, 0x00000000c5f00000| Complete 
|  28|0x00000000c6000000, 0x00000000c6100000, 0x00000000c6100000|100%| E|CS|TAMS 0x00000000c6000000, 0x00000000c6000000| Complete 
|  29|0x00000000c6100000, 0x00000000c6200000, 0x00000000c6200000|100%| E|CS|TAMS 0x00000000c6100000, 0x00000000c6100000| Complete 
|  30|0x00000000c6200000, 0x00000000c6300000, 0x00000000c6300000|100%| E|CS|TAMS 0x00000000c6200000, 0x00000000c6200000| Complete 
|  31|0x00000000c6300000, 0x00000000c6400000, 0x00000000c6400000|100%| E|CS|TAMS 0x00000000c6300000, 0x00000000c6300000| Complete 
|  32|0x00000000c6400000, 0x00000000c6500000, 0x00000000c6500000|100%| E|CS|TAMS 0x00000000c6400000, 0x00000000c6400000| Complete 
|  33|0x00000000c6500000, 0x00000000c651ed90, 0x00000000c6600000| 12%| S|CS|TAMS 0x00000000c6500000, 0x00000000c6500000| Complete 
|  34|0x00000000c6600000, 0x00000000c6700000, 0x00000000c6700000|100%| S|CS|TAMS 0x00000000c6600000, 0x00000000c6600000| Complete 
|  35|0x00000000c6700000, 0x00000000c6800000, 0x00000000c6800000|100%| E|CS|TAMS 0x00000000c6700000, 0x00000000c6700000| Complete 
|  36|0x00000000c6800000, 0x00000000c6900000, 0x00000000c6900000|100%| E|CS|TAMS 0x00000000c6800000, 0x00000000c6800000| Complete 
|  37|0x00000000c6900000, 0x00000000c6a00000, 0x00000000c6a00000|100%| E|CS|TAMS 0x00000000c6900000, 0x00000000c6900000| Complete 
|  38|0x00000000c6a00000, 0x00000000c6b00000, 0x00000000c6b00000|100%| S|CS|TAMS 0x00000000c6a00000, 0x00000000c6a00000| Complete 
|  39|0x00000000c6b00000, 0x00000000c6c00000, 0x00000000c6c00000|100%| S|CS|TAMS 0x00000000c6b00000, 0x00000000c6b00000| Complete 
|  40|0x00000000c6c00000, 0x00000000c6d00000, 0x00000000c6d00000|100%| E|CS|TAMS 0x00000000c6c00000, 0x00000000c6c00000| Complete 
|  41|0x00000000c6d00000, 0x00000000c6e00000, 0x00000000c6e00000|100%| E|CS|TAMS 0x00000000c6d00000, 0x00000000c6d00000| Complete 
|  42|0x00000000c6e00000, 0x00000000c6f00000, 0x00000000c6f00000|100%| E|CS|TAMS 0x00000000c6e00000, 0x00000000c6e00000| Complete 
|  43|0x00000000c6f00000, 0x00000000c7000000, 0x00000000c7000000|100%| E|CS|TAMS 0x00000000c6f00000, 0x00000000c6f00000| Complete 
|  44|0x00000000c7000000, 0x00000000c7100000, 0x00000000c7100000|100%| E|CS|TAMS 0x00000000c7000000, 0x00000000c7000000| Complete 
|  45|0x00000000c7100000, 0x00000000c7200000, 0x00000000c7200000|100%| E|CS|TAMS 0x00000000c7100000, 0x00000000c7100000| Complete 
|  59|0x00000000c7f00000, 0x00000000c8000000, 0x00000000c8000000|100%| E|  |TAMS 0x00000000c7f00000, 0x00000000c7f00000| Complete 

Card table byte_map: [0x000001bb3f170000,0x000001bb3f350000] _byte_map_base: 0x000001bb3eb4e000

Marking Bits (Prev, Next): (CMBitMap*) 0x000001bb269111e0, (CMBitMap*) 0x000001bb269111a0
 Prev Bits: [0x000001bb40420000, 0x000001bb41310000)
 Next Bits: [0x000001bb3f530000, 0x000001bb40420000)

Polling page: 0x000001bb2f930000

Metaspace:

Usage:
  Non-class:     23.02 MB used.
      Class:      3.13 MB used.
       Both:     26.15 MB used.

Virtual space:
  Non-class space:       64.00 MB reserved,      23.25 MB ( 36%) committed,  1 nodes.
      Class space:        1.00 GB reserved,       3.31 MB ( <1%) committed,  1 nodes.
             Both:        1.06 GB reserved,      26.56 MB (  2%) committed. 

Chunk freelists:
   Non-Class:  8.80 MB
       Class:  12.52 MB
        Both:  21.31 MB

MaxMetaspaceSize: unlimited
CompressedClassSpaceSize: 1.00 GB
Initial GC threshold: 21.00 MB
Current GC threshold: 35.12 MB
CDS: on
MetaspaceReclaimPolicy: balanced
 - commit_granule_bytes: 65536.
 - commit_granule_words: 8192.
 - virtual_space_node_default_size: 8388608.
 - enlarge_chunks_in_place: 1.
 - new_chunks_are_fully_committed: 0.
 - uncommit_free_chunks: 1.
 - use_allocation_guard: 0.
 - handle_deallocations: 1.


Internal statistics:

num_allocs_failed_limit: 3.
num_arena_births: 402.
num_arena_deaths: 0.
num_vsnodes_births: 2.
num_vsnodes_deaths: 0.
num_space_committed: 423.
num_space_uncommitted: 0.
num_chunks_returned_to_freelist: 3.
num_chunks_taken_from_freelist: 1145.
num_chunk_merges: 3.
num_chunk_splits: 720.
num_chunks_enlarged: 487.
num_inconsistent_stats: 0.

CodeHeap 'non-profiled nmethods': size=120000Kb used=1248Kb max_used=1248Kb free=118751Kb
 bounds [0x000001bb37420000, 0x000001bb37690000, 0x000001bb3e950000]
CodeHeap 'profiled nmethods': size=120000Kb used=5884Kb max_used=5884Kb free=114115Kb
 bounds [0x000001bb2f950000, 0x000001bb2ff10000, 0x000001bb36e80000]
CodeHeap 'non-nmethods': size=5760Kb used=1296Kb max_used=1317Kb free=4463Kb
 bounds [0x000001bb36e80000, 0x000001bb370f0000, 0x000001bb37420000]
 total_blobs=3529 nmethods=2927 adapters=514
 compilation: enabled
              stopped_count=0, restarted_count=0
 full_count=0

Compilation events (20 events):
Event: 21.199 Thread 0x000001bb438d29c0 nmethod 2911 0x000001bb2fefb590 code [0x000001bb2fefb7c0, 0x000001bb2fefc188]
Event: 21.199 Thread 0x000001bb438d29c0 2912       3       com.sun.org.apache.xerces.internal.utils.XMLLimitAnalyzer::addValue (260 bytes)
Event: 21.201 Thread 0x000001bb438d29c0 nmethod 2912 0x000001bb2fefc490 code [0x000001bb2fefc7c0, 0x000001bb2fefdcc8]
Event: 21.201 Thread 0x000001bb438d29c0 2913       3       com.sun.org.apache.xerces.internal.utils.XMLLimitAnalyzer::addValue (11 bytes)
Event: 21.201 Thread 0x000001bb438d29c0 nmethod 2913 0x000001bb2fefe390 code [0x000001bb2fefe540, 0x000001bb2fefe6a8]
Event: 21.201 Thread 0x000001bb438d29c0 2914       3       com.sun.org.apache.xerces.internal.dom.DeferredDocumentImpl::clearChunkIndex (57 bytes)
Event: 21.201 Thread 0x000001bb438d29c0 nmethod 2914 0x000001bb2fefe790 code [0x000001bb2fefe940, 0x000001bb2fefed58]
Event: 21.202 Thread 0x000001bb438d29c0 2915       3       com.sun.org.apache.xerces.internal.dom.DeferredDocumentImpl::clearChunkValue (69 bytes)
Event: 21.202 Thread 0x000001bb438d29c0 nmethod 2915 0x000001bb2fefef10 code [0x000001bb2feff100, 0x000001bb2feff8b8]
Event: 21.203 Thread 0x000001bb438d29c0 2916       3       com.sun.org.apache.xerces.internal.dom.NodeImpl::needsSyncChildren (15 bytes)
Event: 21.203 Thread 0x000001bb438d29c0 nmethod 2916 0x000001bb2feffb10 code [0x000001bb2feffca0, 0x000001bb2feffe18]
Event: 21.203 Thread 0x000001bb438d29c0 2917       3       com.sun.org.apache.xerces.internal.dom.NodeImpl::isOwned (16 bytes)
Event: 21.203 Thread 0x000001bb438d29c0 nmethod 2917 0x000001bb2feffe90 code [0x000001bb2ff00020, 0x000001bb2ff00198]
Event: 21.206 Thread 0x000001bb438d29c0 2918       1       com.sun.org.apache.xerces.internal.dom.DocumentImpl::setMutationEvents (6 bytes)
Event: 21.206 Thread 0x000001bb438d29c0 nmethod 2918 0x000001bb37558010 code [0x000001bb375581a0, 0x000001bb37558278]
Event: 21.206 Thread 0x000001bb438d29c0 2919       3       java.net.URI$Parser::checkChars (44 bytes)
Event: 21.207 Thread 0x000001bb438d29c0 nmethod 2919 0x000001bb2ff00210 code [0x000001bb2ff00440, 0x000001bb2ff00a68]
Event: 21.207 Thread 0x000001bb438d29c0 2920       3       java.util.HashMap::afterNodeAccess (1 bytes)
Event: 21.207 Thread 0x000001bb438d29c0 nmethod 2920 0x000001bb2ff00d10 code [0x000001bb2ff00ea0, 0x000001bb2ff00fb8]
Event: 21.207 Thread 0x000001bb438d29c0 2921       3       com.sun.org.apache.xerces.internal.parsers.XML11Configuration::checkFeature (292 bytes)

GC Heap History (8 events):
Event: 1.558 GC heap before
{Heap before GC invocations=0 (full 0):
 garbage-first heap   total 61440K, used 12288K [0x00000000c4400000, 0x0000000100000000)
  region size 1024K, 13 young (13312K), 0 survivors (0K)
 Metaspace       used 4877K, committed 5120K, reserved 1114112K
  class space    used 526K, committed 640K, reserved 1048576K
}
Event: 1.565 GC heap after
{Heap after GC invocations=1 (full 0):
 garbage-first heap   total 61440K, used 5873K [0x00000000c4400000, 0x0000000100000000)
  region size 1024K, 2 young (2048K), 2 survivors (2048K)
 Metaspace       used 4877K, committed 5120K, reserved 1114112K
  class space    used 526K, committed 640K, reserved 1048576K
}
Event: 2.005 GC heap before
{Heap before GC invocations=1 (full 0):
 garbage-first heap   total 61440K, used 16113K [0x00000000c4400000, 0x0000000100000000)
  region size 1024K, 12 young (12288K), 2 survivors (2048K)
 Metaspace       used 7313K, committed 7616K, reserved 1114112K
  class space    used 832K, committed 960K, reserved 1048576K
}
Event: 2.010 GC heap after
{Heap after GC invocations=2 (full 0):
 garbage-first heap   total 61440K, used 6896K [0x00000000c4400000, 0x0000000100000000)
  region size 1024K, 2 young (2048K), 2 survivors (2048K)
 Metaspace       used 7313K, committed 7616K, reserved 1114112K
  class space    used 832K, committed 960K, reserved 1048576K
}
Event: 2.608 GC heap before
{Heap before GC invocations=2 (full 0):
 garbage-first heap   total 61440K, used 26352K [0x00000000c4400000, 0x0000000100000000)
  region size 1024K, 22 young (22528K), 2 survivors (2048K)
 Metaspace       used 12768K, committed 13056K, reserved 1114112K
  class space    used 1445K, committed 1600K, reserved 1048576K
}
Event: 2.615 GC heap after
{Heap after GC invocations=3 (full 0):
 garbage-first heap   total 61440K, used 9106K [0x00000000c4400000, 0x0000000100000000)
  region size 1024K, 3 young (3072K), 3 survivors (3072K)
 Metaspace       used 12768K, committed 13056K, reserved 1114112K
  class space    used 1445K, committed 1600K, reserved 1048576K
}
Event: 5.212 GC heap before
{Heap before GC invocations=3 (full 0):
 garbage-first heap   total 61440K, used 27538K [0x00000000c4400000, 0x0000000100000000)
  region size 1024K, 23 young (23552K), 3 survivors (3072K)
 Metaspace       used 21275K, committed 21504K, reserved 1114112K
  class space    used 2501K, committed 2624K, reserved 1048576K
}
Event: 5.226 GC heap after
{Heap after GC invocations=4 (full 0):
 garbage-first heap   total 61440K, used 12269K [0x00000000c4400000, 0x0000000100000000)
  region size 1024K, 4 young (4096K), 4 survivors (4096K)
 Metaspace       used 21275K, committed 21504K, reserved 1114112K
  class space    used 2501K, committed 2624K, reserved 1048576K
}

Deoptimization events (20 events):
Event: 20.433 Thread 0x000001bb268d4660 Uncommon trap: trap_request=0xffffffc6 fr.pc=0x000001bb374f6348 relative=0x0000000000000288
Event: 20.433 Thread 0x000001bb268d4660 Uncommon trap: reason=bimorphic_or_optimized_type_check action=maybe_recompile pc=0x000001bb374f6348 method=java.util.regex.Pattern$SliceI.match(Ljava/util/regex/Matcher;ILjava/lang/CharSequence;)Z @ 92 c2
Event: 20.433 Thread 0x000001bb268d4660 DEOPT PACKING pc=0x000001bb374f6348 sp=0x00000086e9ffa250
Event: 20.433 Thread 0x000001bb268d4660 DEOPT UNPACKING pc=0x000001bb36ed5ba3 sp=0x00000086e9ffa1d8 mode 2
Event: 21.160 Thread 0x000001bb268d4660 Uncommon trap: trap_request=0xffffff6e fr.pc=0x000001bb3743e044 relative=0x0000000000000144
Event: 21.160 Thread 0x000001bb268d4660 Uncommon trap: reason=loop_limit_check action=maybe_recompile pc=0x000001bb3743e044 method=java.lang.StringLatin1.lastIndexOf([BII)I @ 19 c2
Event: 21.160 Thread 0x000001bb268d4660 DEOPT PACKING pc=0x000001bb3743e044 sp=0x00000086e9ffcc10
Event: 21.160 Thread 0x000001bb268d4660 DEOPT UNPACKING pc=0x000001bb36ed5ba3 sp=0x00000086e9ffcb90 mode 2
Event: 21.178 Thread 0x000001bb268d4660 Uncommon trap: trap_request=0xffffff45 fr.pc=0x000001bb374d37ec relative=0x000000000000044c
Event: 21.178 Thread 0x000001bb268d4660 Uncommon trap: reason=unstable_if action=reinterpret pc=0x000001bb374d37ec method=java.util.regex.Pattern$BmpCharProperty.match(Ljava/util/regex/Matcher;ILjava/lang/CharSequence;)Z @ 39 c2
Event: 21.178 Thread 0x000001bb268d4660 DEOPT PACKING pc=0x000001bb374d37ec sp=0x00000086e9ffd160
Event: 21.178 Thread 0x000001bb268d4660 DEOPT UNPACKING pc=0x000001bb36ed5ba3 sp=0x00000086e9ffd0a8 mode 2
Event: 21.192 Thread 0x000001bb268d4660 Uncommon trap: trap_request=0xffffff45 fr.pc=0x000001bb374e8664 relative=0x00000000000000c4
Event: 21.192 Thread 0x000001bb268d4660 Uncommon trap: reason=unstable_if action=reinterpret pc=0x000001bb374e8664 method=java.lang.CharacterDataLatin1.digit(II)I @ 7 c2
Event: 21.192 Thread 0x000001bb268d4660 DEOPT PACKING pc=0x000001bb374e8664 sp=0x00000086e9ffcd50
Event: 21.192 Thread 0x000001bb268d4660 DEOPT UNPACKING pc=0x000001bb36ed5ba3 sp=0x00000086e9ffcc10 mode 2
Event: 21.192 Thread 0x000001bb268d4660 Uncommon trap: trap_request=0xffffff45 fr.pc=0x000001bb374e8ab4 relative=0x0000000000000094
Event: 21.192 Thread 0x000001bb268d4660 Uncommon trap: reason=unstable_if action=reinterpret pc=0x000001bb374e8ab4 method=java.lang.CharacterDataLatin1.digit(II)I @ 7 c2
Event: 21.192 Thread 0x000001bb268d4660 DEOPT PACKING pc=0x000001bb374e8ab4 sp=0x00000086e9ffccb0
Event: 21.192 Thread 0x000001bb268d4660 DEOPT UNPACKING pc=0x000001bb36ed5ba3 sp=0x00000086e9ffcc30 mode 2

Classes unloaded (0 events):
No events

Classes redefined (0 events):
No events

Internal exceptions (20 events):
Event: 5.111 Thread 0x000001bb8a72c640 Exception <a 'java/net/SocketException'{0x00000000c6dd38d8}: Socket is not connected: shutdown> (0x00000000c6dd38d8) 
thrown [s\open\src\hotspot\share\prims\jni.cpp, line 535]
Event: 5.143 Thread 0x000001bb8a72c640 Exception <a 'java/net/ConnectException'{0x00000000c6dd4800}: Connection refused: no further information> (0x00000000c6dd4800) 
thrown [s\open\src\hotspot\share\prims\jni.cpp, line 535]
Event: 5.143 Thread 0x000001bb8a72c640 Exception <a 'java/net/SocketException'{0x00000000c6dd4b38}: Socket is not connected: shutdown> (0x00000000c6dd4b38) 
thrown [s\open\src\hotspot\share\prims\jni.cpp, line 535]
Event: 5.255 Thread 0x000001bb268d4660 Exception <a 'java/lang/NoSuchMethodError'{0x00000000c7fa6a20}: 'java.lang.Object java.lang.invoke.DirectMethodHandle$Holder.newInvokeSpecial(java.lang.Object, java.lang.Object, int, int)'> (0x00000000c7fa6a20) 
thrown [s\open\src\hotspot\share\interpreter\linkResolver.cpp, line 759]
Event: 5.256 Thread 0x000001bb268d4660 Exception <a 'java/lang/NoSuchMethodError'{0x00000000c7fb17b0}: 'void java.lang.invoke.DirectMethodHandle$Holder.invokeStatic(java.lang.Object, java.lang.Object, int)'> (0x00000000c7fb17b0) 
thrown [s\open\src\hotspot\share\interpreter\linkResolver.cpp, line 759]
Event: 5.315 Thread 0x000001bb8a72cb50 Exception <a 'java/lang/NoSuchMethodError'{0x00000000c70c8cc8}: 'java.lang.Object java.lang.invoke.DirectMethodHandle$Holder.invokeSpecial(java.lang.Object, java.lang.Object, java.lang.Object, java.lang.Object, int)'> (0x00000000c70c8cc8) 
thrown [s\open\src\hotspot\share\interpreter\linkResolver.cpp, line 759]
Event: 5.315 Thread 0x000001bb8a72cb50 Exception <a 'java/lang/NoSuchMethodError'{0x00000000c70cc890}: 'java.lang.Object java.lang.invoke.Invokers$Holder.linkToTargetMethod(java.lang.Object, java.lang.Object, int, java.lang.Object)'> (0x00000000c70cc890) 
thrown [s\open\src\hotspot\share\interpreter\linkResolver.cpp, line 759]
Event: 5.336 Thread 0x000001bb8a72cb50 Exception <a 'java/lang/NoSuchMethodError'{0x00000000c6f1ea10}: 'void java.lang.invoke.DirectMethodHandle$Holder.invokeSpecial(java.lang.Object, java.lang.Object, java.lang.Object, java.lang.Object, java.lang.Object)'> (0x00000000c6f1ea10) 
thrown [s\open\src\hotspot\share\interpreter\linkResolver.cpp, line 759]
Event: 11.280 Thread 0x000001bb8a72cb50 Exception <a 'java/lang/NoSuchMethodError'{0x00000000c6e1ba00}: 'java.lang.Object java.lang.invoke.DirectMethodHandle$Holder.newInvokeSpecial(java.lang.Object, java.lang.Object, long, java.lang.Object, java.lang.Object, java.lang.Object)'> (0x00000000c6e1ba00) 
thrown [s\open\src\hotspot\share\interpreter\linkResolver.cpp, line 759]
Event: 11.291 Thread 0x000001bb8a72cb50 Exception <a 'java/lang/NoSuchMethodError'{0x00000000c6e33d00}: 'void java.lang.invoke.DirectMethodHandle$Holder.invokeSpecial(java.lang.Object, java.lang.Object, java.lang.Object, java.lang.Object, java.lang.Object, java.lang.Object, java.lang.Object)'> (0x00000000c6e33d00) 
thrown [s\open\src\hotspot\share\interpreter\linkResolver.cpp, line 759]
Event: 11.309 Thread 0x000001bb268d4660 Exception <a 'java/lang/NoSuchMethodError'{0x00000000c704bef0}: 'java.lang.Object java.lang.invoke.DirectMethodHandle$Holder.invokeSpecialIFC(java.lang.Object, java.lang.Object, java.lang.Object)'> (0x00000000c704bef0) 
thrown [s\open\src\hotspot\share\interpreter\linkResolver.cpp, line 759]
Event: 20.375 Thread 0x000001bb268d4660 Implicit null exception at 0x000001bb3753f16a to 0x000001bb3753f608
Event: 20.386 Thread 0x000001bb268d4660 Exception <a 'java/lang/NoSuchMethodError'{0x00000000c63def30}: 'void java.lang.invoke.DelegatingMethodHandle$Holder.delegate(java.lang.Object, java.lang.Object, int, java.lang.Object)'> (0x00000000c63def30) 
thrown [s\open\src\hotspot\share\interpreter\linkResolver.cpp, line 759]
Event: 20.391 Thread 0x000001bb268d4660 Exception <a 'java/lang/NoSuchMethodError'{0x00000000c6209fa8}: 'java.lang.Object java.lang.invoke.Invokers$Holder.invokeExact_MT(java.lang.Object, java.lang.Object, java.lang.Object, java.lang.Object)'> (0x00000000c6209fa8) 
thrown [s\open\src\hotspot\share\interpreter\linkResolver.cpp, line 759]
Event: 20.391 Thread 0x000001bb268d4660 Exception <a 'java/lang/NoSuchMethodError'{0x00000000c620da98}: 'java.lang.Object java.lang.invoke.Invokers$Holder.invokeExact_MT(java.lang.Object, java.lang.Object, java.lang.Object)'> (0x00000000c620da98) 
thrown [s\open\src\hotspot\share\interpreter\linkResolver.cpp, line 759]
Event: 20.392 Thread 0x000001bb268d4660 Exception <a 'java/lang/NoSuchMethodError'{0x00000000c6211f68}: 'java.lang.Object java.lang.invoke.DirectMethodHandle$Holder.invokeStatic(java.lang.Object, int, java.lang.Object, java.lang.Object)'> (0x00000000c6211f68) 
thrown [s\open\src\hotspot\share\interpreter\linkResolver.cpp, line 759]
Event: 20.418 Thread 0x000001bb268d4660 Exception <a 'java/lang/IncompatibleClassChangeError'{0x00000000c62394c8}: Found class java.lang.Object, but interface was expected> (0x00000000c62394c8) 
thrown [s\open\src\hotspot\share\interpreter\linkResolver.cpp, line 826]
Event: 20.985 Thread 0x000001bb268d4660 Exception <a 'java/lang/NoSuchMethodError'{0x00000000c5e887a0}: 'void java.lang.invoke.DirectMethodHandle$Holder.invokeVirtual(java.lang.Object, java.lang.Object, java.lang.Object, java.lang.Object)'> (0x00000000c5e887a0) 
thrown [s\open\src\hotspot\share\interpreter\linkResolver.cpp, line 759]
Event: 21.096 Thread 0x000001bb268d4660 Exception <a 'java/lang/NoSuchMethodError'{0x00000000c5eba6c8}: 'void java.lang.invoke.DirectMethodHandle$Holder.invokeStatic(java.lang.Object, java.lang.Object, java.lang.Object, int)'> (0x00000000c5eba6c8) 
thrown [s\open\src\hotspot\share\interpreter\linkResolver.cpp, line 759]
Event: 21.102 Thread 0x000001bb268d4660 Exception <a 'java/lang/NoSuchMethodError'{0x00000000c5ebde30}: 'void java.lang.invoke.DirectMethodHandle$Holder.invokeStaticInit(java.lang.Object, java.lang.Object, java.lang.Object, int)'> (0x00000000c5ebde30) 
thrown [s\open\src\hotspot\share\interpreter\linkResolver.cpp, line 759]

VM Operations (20 events):
Event: 5.212 Executing VM operation: CollectForMetadataAllocation
Event: 5.226 Executing VM operation: CollectForMetadataAllocation done
Event: 5.243 Executing VM operation: G1Concurrent
Event: 5.245 Executing VM operation: G1Concurrent done
Event: 5.245 Executing VM operation: G1Concurrent
Event: 5.248 Executing VM operation: G1Concurrent done
Event: 6.257 Executing VM operation: Cleanup
Event: 6.257 Executing VM operation: Cleanup done
Event: 11.233 Executing VM operation: HandshakeAllThreads
Event: 11.233 Executing VM operation: HandshakeAllThreads done
Event: 12.237 Executing VM operation: Cleanup
Event: 12.238 Executing VM operation: Cleanup done
Event: 14.242 Executing VM operation: Cleanup
Event: 14.242 Executing VM operation: Cleanup done
Event: 15.245 Executing VM operation: Cleanup
Event: 15.245 Executing VM operation: Cleanup done
Event: 20.286 Executing VM operation: Cleanup
Event: 20.287 Executing VM operation: Cleanup done
Event: 20.384 Executing VM operation: HandshakeAllThreads
Event: 20.384 Executing VM operation: HandshakeAllThreads done

Events (20 events):
Event: 21.154 loading class com/sun/org/apache/xerces/internal/dom/DeferredAttrNSImpl
Event: 21.154 loading class com/sun/org/apache/xerces/internal/dom/AttrNSImpl
Event: 21.154 loading class com/sun/org/apache/xerces/internal/dom/AttrImpl
Event: 21.154 loading class org/w3c/dom/Attr
Event: 21.155 loading class org/w3c/dom/Attr done
Event: 21.155 loading class com/sun/org/apache/xerces/internal/dom/AttrImpl done
Event: 21.155 loading class com/sun/org/apache/xerces/internal/dom/AttrNSImpl done
Event: 21.155 loading class com/sun/org/apache/xerces/internal/dom/DeferredAttrNSImpl done
Event: 21.175 loading class com/sun/org/apache/xerces/internal/dom/DeferredTextImpl
Event: 21.176 loading class com/sun/org/apache/xerces/internal/dom/TextImpl
Event: 21.176 loading class org/w3c/dom/CharacterData
Event: 21.176 loading class org/w3c/dom/CharacterData done
Event: 21.176 loading class org/w3c/dom/Text
Event: 21.176 loading class org/w3c/dom/Text done
Event: 21.176 loading class com/sun/org/apache/xerces/internal/dom/CharacterDataImpl
Event: 21.177 loading class com/sun/org/apache/xerces/internal/dom/CharacterDataImpl done
Event: 21.177 loading class com/sun/org/apache/xerces/internal/dom/TextImpl done
Event: 21.177 loading class com/sun/org/apache/xerces/internal/dom/DeferredTextImpl done
Event: 21.177 loading class com/sun/org/apache/xerces/internal/dom/CharacterDataImpl$1
Event: 21.177 loading class com/sun/org/apache/xerces/internal/dom/CharacterDataImpl$1 done


Dynamic libraries:
0x00007ff7120c0000 - 0x00007ff7120d0000 	C:\Program Files\Java\jdk-17\bin\javaw.exe
0x00007ffae5390000 - 0x00007ffae5588000 	C:\Windows\SYSTEM32\ntdll.dll
0x00007ffae34b0000 - 0x00007ffae3572000 	C:\Windows\System32\KERNEL32.DLL
0x00007ffae2b40000 - 0x00007ffae2e3e000 	C:\Windows\System32\KERNELBASE.dll
0x00007ffae2ff0000 - 0x00007ffae30f0000 	C:\Windows\System32\ucrtbase.dll
0x00007ffabfc00000 - 0x00007ffabfc19000 	C:\Program Files\Java\jdk-17\bin\jli.dll
0x00007ffae3920000 - 0x00007ffae39d2000 	C:\Windows\System32\ADVAPI32.dll
0x00007ffae3b70000 - 0x00007ffae3c0e000 	C:\Windows\System32\msvcrt.dll
0x00007ffae33b0000 - 0x00007ffae3450000 	C:\Windows\System32\sechost.dll
0x00007ffae37e0000 - 0x00007ffae3903000 	C:\Windows\System32\RPCRT4.dll
0x00007ffabfbc0000 - 0x00007ffabfbdb000 	C:\Program Files\Java\jdk-17\bin\VCRUNTIME140.dll
0x00007ffae2ae0000 - 0x00007ffae2b07000 	C:\Windows\System32\bcrypt.dll
0x00007ffae51b0000 - 0x00007ffae534d000 	C:\Windows\System32\USER32.dll
0x00007ffae2b10000 - 0x00007ffae2b32000 	C:\Windows\System32\win32u.dll
0x00007ffae5120000 - 0x00007ffae514b000 	C:\Windows\System32\GDI32.dll
0x00007ffae30f0000 - 0x00007ffae3207000 	C:\Windows\System32\gdi32full.dll
0x00007ffae32a0000 - 0x00007ffae333d000 	C:\Windows\System32\msvcp_win.dll
0x00007ffacccc0000 - 0x00007ffaccf5a000 	C:\Windows\WinSxS\amd64_microsoft.windows.common-controls_6595b64144ccf1df_6.0.19041.4355_none_60b8b9eb71f62e16\COMCTL32.dll
0x00007ffada6f0000 - 0x00007ffada6fa000 	C:\Windows\SYSTEM32\VERSION.dll
0x00007ffae4510000 - 0x00007ffae453f000 	C:\Windows\System32\IMM32.DLL
0x00007ffabfbf0000 - 0x00007ffabfbfc000 	C:\Program Files\Java\jdk-17\bin\vcruntime140_1.dll
0x00007ffabfb30000 - 0x00007ffabfbbe000 	C:\Program Files\Java\jdk-17\bin\msvcp140.dll
0x00007ffabef50000 - 0x00007ffabfb2f000 	C:\Program Files\Java\jdk-17\bin\server\jvm.dll
0x00007ffae37d0000 - 0x00007ffae37d8000 	C:\Windows\System32\PSAPI.DLL
0x00007ffad6780000 - 0x00007ffad67a7000 	C:\Windows\SYSTEM32\WINMM.dll
0x00007ffabfbe0000 - 0x00007ffabfbe9000 	C:\Windows\SYSTEM32\WSOCK32.dll
0x00007ffae39e0000 - 0x00007ffae3a4b000 	C:\Windows\System32\WS2_32.dll
0x00007ffae1250000 - 0x00007ffae1262000 	C:\Windows\SYSTEM32\kernel.appcore.dll
0x00007ffabebd0000 - 0x00007ffabebda000 	C:\Program Files\Java\jdk-17\bin\jimage.dll
0x00007ffae05e0000 - 0x00007ffae07c4000 	C:\Windows\SYSTEM32\DBGHELP.DLL
0x00007ffac6e00000 - 0x00007ffac6e34000 	C:\Windows\SYSTEM32\dbgcore.DLL
0x00007ffae3210000 - 0x00007ffae3292000 	C:\Windows\System32\bcryptPrimitives.dll
0x00007ffabeba0000 - 0x00007ffabebc5000 	C:\Program Files\Java\jdk-17\bin\java.dll
0x00007ffabea50000 - 0x00007ffabeb27000 	C:\Program Files\Java\jdk-17\bin\jsvml.dll
0x00007ffae3da0000 - 0x00007ffae450f000 	C:\Windows\System32\SHELL32.dll
0x00007ffae0a90000 - 0x00007ffae1234000 	C:\Windows\SYSTEM32\windows.storage.dll
0x00007ffae4c10000 - 0x00007ffae4f63000 	C:\Windows\System32\combase.dll
0x00007ffae2460000 - 0x00007ffae248e000 	C:\Windows\SYSTEM32\Wldp.dll
0x00007ffae5050000 - 0x00007ffae511d000 	C:\Windows\System32\OLEAUT32.dll
0x00007ffae3670000 - 0x00007ffae371d000 	C:\Windows\System32\SHCORE.dll
0x00007ffae5150000 - 0x00007ffae51a5000 	C:\Windows\System32\shlwapi.dll
0x00007ffae2960000 - 0x00007ffae2984000 	C:\Windows\SYSTEM32\profapi.dll
0x00007ffabe550000 - 0x00007ffabe569000 	C:\Program Files\Java\jdk-17\bin\net.dll
0x00007ffadd160000 - 0x00007ffadd26d000 	C:\Windows\SYSTEM32\WINHTTP.dll
0x00007ffae21c0000 - 0x00007ffae222a000 	C:\Windows\system32\mswsock.dll
0x00007ffabe520000 - 0x00007ffabe536000 	C:\Program Files\Java\jdk-17\bin\nio.dll
0x00007ffabe500000 - 0x00007ffabe518000 	C:\Program Files\Java\jdk-17\bin\zip.dll
0x00007ffab1e60000 - 0x00007ffab1e70000 	C:\Program Files\Java\jdk-17\bin\verify.dll
0x00007ffae1e90000 - 0x00007ffae1f5a000 	C:\Windows\SYSTEM32\DNSAPI.dll
0x00007ffae1e50000 - 0x00007ffae1e8b000 	C:\Windows\SYSTEM32\IPHLPAPI.DLL
0x00007ffae3910000 - 0x00007ffae3918000 	C:\Windows\System32\NSI.dll
0x00007ffadae20000 - 0x00007ffadae2a000 	C:\Windows\System32\rasadhlp.dll
0x00007ffad1990000 - 0x00007ffad1a10000 	C:\Windows\System32\fwpuclnt.dll
0x00007ffae23b0000 - 0x00007ffae23c8000 	C:\Windows\SYSTEM32\CRYPTSP.dll
0x00007ffae1a70000 - 0x00007ffae1aa4000 	C:\Windows\system32\rsaenh.dll
0x00007ffae28e0000 - 0x00007ffae290e000 	C:\Windows\SYSTEM32\USERENV.dll
0x00007ffae23d0000 - 0x00007ffae23dc000 	C:\Windows\SYSTEM32\CRYPTBASE.dll
0x00007ffad20f0000 - 0x00007ffad2107000 	C:\Windows\SYSTEM32\dhcpcsvc6.DLL
0x00007ffada5e0000 - 0x00007ffada5fd000 	C:\Windows\SYSTEM32\dhcpcsvc.DLL
0x00007ffadaea0000 - 0x00007ffadaeae000 	C:\Program Files\Java\jdk-17\bin\sunmscapi.dll
0x00007ffae2e90000 - 0x00007ffae2fec000 	C:\Windows\System32\CRYPT32.dll
0x00007ffae24d0000 - 0x00007ffae24f7000 	C:\Windows\SYSTEM32\ncrypt.dll
0x00007ffae2490000 - 0x00007ffae24cb000 	C:\Windows\SYSTEM32\NTASN1.dll
0x00007ffadae50000 - 0x00007ffadae57000 	C:\Windows\system32\wshunix.dll

dbghelp: loaded successfully - version: 4.0.5 - missing functions: none
symbol engine: initialized successfully - sym options: 0x614 - pdb path: .;C:\Program Files\Java\jdk-17\bin;C:\Windows\SYSTEM32;C:\Windows\WinSxS\amd64_microsoft.windows.common-controls_6595b64144ccf1df_6.0.19041.4355_none_60b8b9eb71f62e16;C:\Program Files\Java\jdk-17\bin\server

VM Arguments:
jvm_args: -ea -Dfile.encoding=UTF-8 -Dstdout.encoding=UTF-8 -Dstderr.encoding=UTF-8 -XX:+ShowCodeDetailsInExceptionMessages 
java_command: org.testng.remote.RemoteTestNG -serport 53739 -protocol json -d C:\Users\BHIMASHANKAR\eclipse-workspace\NutroFusionCRM\test-output C:\Users\BHIMAS~1\AppData\Local\Temp\testng-eclipse-582187385\testng-customsuite.xml
java_class_path (initial): D:\SOFTWARES\eclipse-jee-2024-06-R-win32-x86_64\eclipse\configuration\org.eclipse.osgi\1016\0\.cp\lib\testng-remote.jar;C:\Users\BHIMASHANKAR\eclipse-workspace\NutroFusionCRM\target\test-classes;C:\Users\BHIMASHANKAR\eclipse-workspace\NutroFusionCRM\target\classes;C:\Users\BHIMASHANKAR\.m2\repository\org\seleniumhq\selenium\selenium-java\4.18.1\selenium-java-4.18.1.jar;C:\Users\BHIMASHANKAR\.m2\repository\org\seleniumhq\selenium\selenium-api\4.18.1\selenium-api-4.18.1.jar;C:\Users\BHIMASHANKAR\.m2\repository\org\seleniumhq\selenium\selenium-chrome-driver\4.18.1\selenium-chrome-driver-4.18.1.jar;C:\Users\BHIMASHANKAR\.m2\repository\com\google\auto\service\auto-service-annotations\1.1.1\auto-service-annotations-1.1.1.jar;C:\Users\BHIMASHANKAR\.m2\repository\org\seleniumhq\selenium\selenium-chromium-driver\4.18.1\selenium-chromium-driver-4.18.1.jar;C:\Users\BHIMASHANKAR\.m2\repository\org\seleniumhq\selenium\selenium-json\4.18.1\selenium-json-4.18.1.jar;C:\Users\BHIMASHANKAR\.m2\repository\org\seleniumhq\selenium\selenium-manager\4.18.1\selenium-manager-4.18.1.jar;C:\Users\BHIMASHANKAR\.m2\repository\org\seleniumhq\selenium\selenium-devtools-v120\4.18.1\selenium-devtools-v120-4.18.1.jar;C:\Users\BHIMASHANKAR\.m2\repository\org\seleniumhq\selenium\selenium-devtools-v121\4.18.1\selenium-devtools-v121-4.18.1.jar;C:\Users\BHIMASHANKAR\.m2\repository\org\seleniumhq\selenium\selenium-devtools-v122\4.18.1\selenium-devtools-v122-4.18.1.jar;C:\Users\BHIMASHANKAR\.m2\repository\org\seleniumhq\selenium\selenium-devtools-v85\4.18.1\selenium-devtools-v85-4.18.1.jar;C:\Users\BHIMASHANKAR\.m2\repository\org\seleniumhq\selenium\selenium-edge-driver\4.18.1\selenium-edge-driver-4.18.1.jar;C:\Users\BHIMASHANKAR\.m2\repository\org\seleniumhq\selenium\selenium-firefox-driver\4.18.1\selenium-firefox-driver-4.18.1.jar;C:\Users\BHIMASHANKAR\.m2\repository\org\seleniumhq\selenium\selenium-http\4.18.1\selenium-http-4.18.1.jar;C:\Users\BHIMASHANKAR\.m2\repository\dev
Launcher Type: SUN_STANDARD

[Global flags]
     intx CICompilerCount                          = 3                                         {product} {ergonomic}
     uint ConcGCThreads                            = 1                                         {product} {ergonomic}
     uint G1ConcRefinementThreads                  = 4                                         {product} {ergonomic}
   size_t G1HeapRegionSize                         = 1048576                                   {product} {ergonomic}
    uintx GCDrainStackTargetSize                   = 64                                        {product} {ergonomic}
   size_t InitialHeapSize                          = 62914560                                  {product} {ergonomic}
   size_t MarkStackSize                            = 4194304                                   {product} {ergonomic}
   size_t MaxHeapSize                              = 1002438656                                {product} {ergonomic}
   size_t MaxNewSize                               = 600834048                                 {product} {ergonomic}
   size_t MinHeapDeltaBytes                        = 1048576                                   {product} {ergonomic}
   size_t MinHeapSize                              = 8388608                                   {product} {ergonomic}
    uintx NonNMethodCodeHeapSize                   = 5832780                                {pd product} {ergonomic}
    uintx NonProfiledCodeHeapSize                  = 122912730                              {pd product} {ergonomic}
    uintx ProfiledCodeHeapSize                     = 122912730                              {pd product} {ergonomic}
    uintx ReservedCodeCacheSize                    = 251658240                              {pd product} {ergonomic}
     bool SegmentedCodeCache                       = true                                      {product} {ergonomic}
     bool ShowCodeDetailsInExceptionMessages       = true                                   {manageable} {command line}
   size_t SoftMaxHeapSize                          = 1002438656                             {manageable} {ergonomic}
     bool UseCompressedClassPointers               = true                           {product lp64_product} {ergonomic}
     bool UseCompressedOops                        = true                           {product lp64_product} {ergonomic}
     bool UseG1GC                                  = true                                      {product} {ergonomic}
     bool UseLargePagesIndividualAllocation        = false                                  {pd product} {ergonomic}

Logging:
Log output configuration:
 #0: stdout all=warning uptime,level,tags
 #1: stderr all=off uptime,level,tags

Environment Variables:
JAVA_HOME=C:\Program Files\Java\jdk-17
PATH=D:/SOFTWARES/eclipse-jee-2024-06-R-win32-x86_64/eclipse//plugins/org.eclipse.justj.openjdk.hotspot.jre.full.win32.x86_64_21.0.3.v20240426-1530/jre/bin/server;D:/SOFTWARES/eclipse-jee-2024-06-R-win32-x86_64/eclipse//plugins/org.eclipse.justj.openjdk.hotspot.jre.full.win32.x86_64_21.0.3.v20240426-1530/jre/bin;C:\Program Files\Common Files\Oracle\Java\javapath;D:\app\BHIMASHANKAR\product\11.2.0\dbhome_3\bin;C:\Windows\system32;C:\Windows;C:\Windows\System32\Wbem;C:\Windows\System32\WindowsPowerShell\v1.0\;C:\Windows\System32\OpenSSH\;C:\Program Files\dotnet\;C:\Users\BHIMASHANKAR\AppData\Local\Programs\Python\Python310\;C:\Users\BHIMASHANKAR\AppData\Local\Programs\Python\Python310\Scripts\;C:\Program Files\Java\jdk-17.0.1\bin;C:\AutomationSoftware\apache-maven-3.9.9-bin\apache-maven-3.9.9\bin;C:\Program Files\Git\cmd;C:\Program Files\nodejs\;C:\Users\BHIMASHANKAR\AppData\Local\Android\Sdk\build-tools;C:\Users\BHIMASHANKAR\AppData\Local\Android\Sdk\platforms;C:\Users\BHIMASHANKAR\AppData\Local\Android\Sdk\tools;C:\Users\BHIMASHANKAR\AppData\Local\Android\Sdk\tools\bin;C:\Program Files\MySQL\MySQL Shell 8.0\bin\;C:\Program Files\Common Files\Oracle\Java\javapath;C:\Windows\system32;C:\Windows;C:\Windows\System32\Wbem;C:\Windows\System32\WindowsPowerShell\v1.0\;C:\Windows\System32\OpenSSH\;C:\Program Files\dotnet\;C:\Users\BHIMASHANKAR\AppData\Local\Microsoft\WindowsApps;C:\Program Files\Java\jdk-17.0.1\bin;C:\xampp\phpMyAdmin;C:\xampp\mysql\bin;C:\Users\BHIMASHANKAR\AppData\Roaming\Microsoft\Windows\Start Menu\Programs\Python 3.10;C:\Program Files\Azure Data Studio\bin;C:\Windows\system32;C:\Windows;C:\Windows\System32\Wbem;C:\Windows\system32\WindowsPowerShell\v1.0\;C:\Users\BHIMASHANKAR\AppData\Local\Programs\Microsoft VS Code\bin;C:\Users\BHIMASHANKAR\AppData\Local\GitHubDesktop\bin;C:\Users\BHIMASHANKAR\AppData\Roaming\npm;D:\SOFTWARES\eclipse-jee-2024-06-R-win32-x86_64\eclipse;
USERNAME=Shankar S G
OS=Windows_NT
PROCESSOR_IDENTIFIER=Intel64 Family 6 Model 140 Stepping 1, GenuineIntel



---------------  S Y S T E M  ---------------

OS:
 Windows 10 , 64 bit Build 19041 (10.0.19041.4957)
OS uptime: 2 days 1:37 hours

CPU: total 4 (initial active 4) (2 cores per cpu, 2 threads per core) family 6 model 140 stepping 1 microcode 0xb8, cx8, cmov, fxsr, ht, mmx, 3dnowpref, sse, sse2, sse3, ssse3, sse4.1, sse4.2, popcnt, lzcnt, tsc, tscinvbit, avx, avx2, aes, erms, clmul, bmi1, bmi2, adx, avx512f, avx512dq, avx512cd, avx512bw, avx512vl, sha, fma, vzeroupper, avx512_vpopcntdq, avx512_vpclmulqdq, avx512_vaes, avx512_vnni, clflush, clflushopt, clwb, avx512_vbmi2, avx512_vbmi

Memory: 4k page, system-wide physical 3818M (91M free)
TotalPageFile size 15594M (AvailPageFile size 5M)
current process WorkingSet (physical memory assigned to process): 76M, peak: 123M
current process commit charge ("private bytes"): 168M, peak: 182M

vm_info: Java HotSpot(TM) 64-Bit Server VM (17.0.10+11-LTS-240) for windows-amd64 JRE (17.0.10+11-LTS-240), built on Dec 19 2023 21:47:25 by "mach5one" with MS VC++ 17.1 (VS2022)

END.
