#
# There is insufficient memory for the Java Runtime Environment to continue.
# Native memory allocation (malloc) failed to allocate 157008 bytes for Chunk::new
# Possible reasons:
#   The system is out of physical RAM or swap space
#   The process is running with CompressedOops enabled, and the Java Heap may be blocking the growth of the native heap
# Possible solutions:
#   Reduce memory load on the system
#   Increase physical memory or swap space
#   Check if swap backing store is full
#   Decrease Java heap size (-Xmx/-Xms)
#   Decrease number of Java threads
#   Decrease Java thread stack sizes (-Xss)
#   Set larger code cache with -XX:ReservedCodeCacheSize=
#   JVM is running with Unscaled Compressed Oops mode in which the Java heap is
#     placed in the first 4GB address space. The Java Heap base address is the
#     maximum limit for the native heap growth. Please use -XX:HeapBaseMinAddress
#     to set the Java Heap base and to place the Java Heap above 4GB virtual address.
# This output file may be truncated or incomplete.
#
#  Out of Memory Error (arena.cpp:189), pid=6648, tid=272
#
# JRE version: Java(TM) SE Runtime Environment (17.0.10+11) (build 17.0.10+11-LTS-240)
# Java VM: Java HotSpot(TM) 64-Bit Server VM (17.0.10+11-LTS-240, mixed mode, sharing, tiered, compressed oops, compressed class ptrs, g1 gc, windows-amd64)
# No core dump will be written. Minidumps are not enabled by default on client versions of Windows
#

---------------  S U M M A R Y ------------

Command Line: -ea -Dfile.encoding=UTF-8 -Dstdout.encoding=UTF-8 -Dstderr.encoding=UTF-8 -XX:+ShowCodeDetailsInExceptionMessages org.testng.remote.RemoteTestNG -serport 54959 -protocol json -d C:\Users\BHIMASHANKAR\eclipse-workspace\NutroFusionCRM\test-output C:\Users\BHIMAS~1\AppData\Local\Temp\testng-eclipse--187142971\testng-customsuite.xml

Host: 11th Gen Intel(R) Core(TM) i3-1115G4 @ 3.00GHz, 4 cores, 3G,  Windows 10 , 64 bit Build 19041 (10.0.19041.4957)
Time: Sun Nov 24 19:49:32 2024 India Standard Time elapsed time: 14.170121 seconds (0d 0h 0m 14s)

---------------  T H R E A D  ---------------

Current thread (0x00000175aadb9f20):  JavaThread "C2 CompilerThread0" daemon [_thread_in_native, id=272, stack(0x00000019b9f00000,0x00000019ba000000)]


Current CompileTask:
C2:  14170 2771       4       java.lang.invoke.MethodType$ConcurrentWeakInternSet::get (47 bytes)

Stack: [0x00000019b9f00000,0x00000019ba000000]
Native frames: (J=compiled Java code, j=interpreted, Vv=VM code, C=native code)
V  [jvm.dll+0x677a5a]
V  [jvm.dll+0x7d8b2d]
V  [jvm.dll+0x7da48e]
V  [jvm.dll+0x7daaf3]
V  [jvm.dll+0x2455ff]
V  [jvm.dll+0xaaafb]
V  [jvm.dll+0xab09c]
V  [jvm.dll+0x361bae]
V  [jvm.dll+0x1bb1da]
V  [jvm.dll+0x217aa7]
V  [jvm.dll+0x216d81]
V  [jvm.dll+0x1a3410]
V  [jvm.dll+0x226aeb]
V  [jvm.dll+0x224cab]
V  [jvm.dll+0x78e45c]
V  [jvm.dll+0x78888a]
V  [jvm.dll+0x676935]
C  [ucrtbase.dll+0x21bb2]
C  [KERNEL32.DLL+0x17374]
C  [ntdll.dll+0x4cc91]


---------------  P R O C E S S  ---------------

Threads class SMR info:
_java_thread_list=0x00000175f001fa50, length=27, elements={
0x000001758fd05660, 0x00000175aad97ba0, 0x00000175aad98b70, 0x00000175aada8380,
0x00000175aadaac60, 0x00000175aadad540, 0x00000175aadb1310, 0x00000175aadb9f20,
0x00000175aadba830, 0x00000175aadbd930, 0x00000175f009d8b0, 0x00000175f00a9800,
0x00000175f07f8800, 0x00000175f11c31b0, 0x00000175f1ac9cf0, 0x00000175f061db10,
0x00000175f066c8f0, 0x00000175f066b9c0, 0x00000175f066ce00, 0x00000175f066aa90,
0x00000175f066a070, 0x00000175f066bed0, 0x00000175f066d310, 0x00000175f066a580,
0x00000175f066d820, 0x00000175f066afa0, 0x00000175f066b4b0
}

Java Threads: ( => current thread )
  0x000001758fd05660 JavaThread "main" [_thread_in_Java, id=18472, stack(0x00000019b9200000,0x00000019b9300000)]
  0x00000175aad97ba0 JavaThread "Reference Handler" daemon [_thread_blocked, id=19024, stack(0x00000019b9900000,0x00000019b9a00000)]
  0x00000175aad98b70 JavaThread "Finalizer" daemon [_thread_blocked, id=2608, stack(0x00000019b9a00000,0x00000019b9b00000)]
  0x00000175aada8380 JavaThread "Signal Dispatcher" daemon [_thread_blocked, id=17780, stack(0x00000019b9b00000,0x00000019b9c00000)]
  0x00000175aadaac60 JavaThread "Attach Listener" daemon [_thread_blocked, id=14928, stack(0x00000019b9c00000,0x00000019b9d00000)]
  0x00000175aadad540 JavaThread "Service Thread" daemon [_thread_blocked, id=7580, stack(0x00000019b9d00000,0x00000019b9e00000)]
  0x00000175aadb1310 JavaThread "Monitor Deflation Thread" daemon [_thread_blocked, id=19628, stack(0x00000019b9e00000,0x00000019b9f00000)]
=>0x00000175aadb9f20 JavaThread "C2 CompilerThread0" daemon [_thread_in_native, id=272, stack(0x00000019b9f00000,0x00000019ba000000)]
  0x00000175aadba830 JavaThread "C1 CompilerThread0" daemon [_thread_blocked, id=4284, stack(0x00000019ba000000,0x00000019ba100000)]
  0x00000175aadbd930 JavaThread "Sweeper thread" daemon [_thread_blocked, id=3440, stack(0x00000019ba100000,0x00000019ba200000)]
  0x00000175f009d8b0 JavaThread "Notification Thread" daemon [_thread_blocked, id=20840, stack(0x00000019ba200000,0x00000019ba300000)]
  0x00000175f00a9800 JavaThread "Common-Cleaner" daemon [_thread_blocked, id=908, stack(0x00000019ba400000,0x00000019ba500000)]
  0x00000175f07f8800 JavaThread "ReaderThread" [_thread_in_native, id=19204, stack(0x00000019ba600000,0x00000019ba700000)]
  0x00000175f11c31b0 JavaThread "mysql-cj-abandoned-connection-cleanup" daemon [_thread_blocked, id=2720, stack(0x00000019bab00000,0x00000019bac00000)]
  0x00000175f1ac9cf0 JavaThread "ForkJoinPool.commonPool-worker-1" daemon [_thread_blocked, id=7652, stack(0x00000019bac00000,0x00000019bad00000)]
  0x00000175f061db10 JavaThread "HttpClient-1-SelectorManager" daemon [_thread_in_native, id=18928, stack(0x00000019bad00000,0x00000019bae00000)]
  0x00000175f066c8f0 JavaThread "External Process Output Forwarder - C:\Users\BHIMASHANKAR\.cache\selenium\chromedriver\win64\131.0.6778.85\chromedriver.exe" daemon [_thread_in_native, id=18900, stack(0x00000019bae00000,0x00000019baf00000)]
  0x00000175f066b9c0 JavaThread "Driver Service Executor" daemon [_thread_blocked, id=7120, stack(0x00000019baf00000,0x00000019bb000000)]
  0x00000175f066ce00 JavaThread "Driver Service Executor" daemon [_thread_in_native, id=2172, stack(0x00000019bb000000,0x00000019bb100000)]
  0x00000175f066aa90 JavaThread "UrlChecker-2" daemon [_thread_blocked, id=15456, stack(0x00000019bb100000,0x00000019bb200000)]
  0x00000175f066a070 JavaThread "pool-1-thread-1" [_thread_blocked, id=1960, stack(0x00000019bb300000,0x00000019bb400000)]
  0x00000175f066bed0 JavaThread "pool-1-thread-2" [_thread_blocked, id=18176, stack(0x00000019bb400000,0x00000019bb500000)]
  0x00000175f066d310 JavaThread "pool-1-thread-3" [_thread_blocked, id=14820, stack(0x00000019bb500000,0x00000019bb600000)]
  0x00000175f066a580 JavaThread "HttpClient-2-SelectorManager" daemon [_thread_in_native, id=12908, stack(0x00000019bb200000,0x00000019bb300000)]
  0x00000175f066d820 JavaThread "pool-2-thread-1" [_thread_blocked, id=15692, stack(0x00000019bb600000,0x00000019bb700000)]
  0x00000175f066afa0 JavaThread "pool-2-thread-2" [_thread_blocked, id=19084, stack(0x00000019bb700000,0x00000019bb800000)]
  0x00000175f066b4b0 JavaThread "pool-2-thread-3" [_thread_blocked, id=20556, stack(0x00000019bb800000,0x00000019bb900000)]

Other Threads:
  0x00000175aad90910 VMThread "VM Thread" [stack: 0x00000019b9800000,0x00000019b9900000] [id=12368]
  0x00000175f009e5a0 WatcherThread [stack: 0x00000019ba300000,0x00000019ba400000] [id=6184]
  0x000001758fd40010 GCTaskThread "GC Thread#0" [stack: 0x00000019b9300000,0x00000019b9400000] [id=13652]
  0x00000175f06cd790 GCTaskThread "GC Thread#1" [stack: 0x00000019ba700000,0x00000019ba800000] [id=4372]
  0x00000175f06cda50 GCTaskThread "GC Thread#2" [stack: 0x00000019ba800000,0x00000019ba900000] [id=17960]
  0x00000175f06cdd10 GCTaskThread "GC Thread#3" [stack: 0x00000019ba900000,0x00000019baa00000] [id=17648]
  0x000001758fd48d90 ConcurrentGCThread "G1 Main Marker" [stack: 0x00000019b9400000,0x00000019b9500000] [id=13520]
  0x000001758fd496b0 ConcurrentGCThread "G1 Conc#0" [stack: 0x00000019b9500000,0x00000019b9600000] [id=14616]
  0x000001758fdbc1a0 ConcurrentGCThread "G1 Refine#0" [stack: 0x00000019b9600000,0x00000019b9700000] [id=11860]
  0x00000175f09fe9f0 ConcurrentGCThread "G1 Refine#1" [stack: 0x00000019baa00000,0x00000019bab00000] [id=17020]
  0x000001758fdbcae0 ConcurrentGCThread "G1 Service" [stack: 0x00000019b9700000,0x00000019b9800000] [id=5428]

Threads with active compile tasks:
C2 CompilerThread0    14205 2771       4       java.lang.invoke.MethodType$ConcurrentWeakInternSet::get (47 bytes)

VM state: not at safepoint (normal execution)

VM Mutex/Monitor currently owned by a thread: None

Heap address: 0x00000000c4400000, size: 956 MB, Compressed Oops mode: 32-bit

CDS archive(s) mapped at: [0x00000175ab000000-0x00000175abbd0000-0x00000175abbd0000), size 12386304, SharedBaseAddress: 0x00000175ab000000, ArchiveRelocationMode: 1.
Compressed class space mapped at: 0x00000175ac000000-0x00000175ec000000, reserved size: 1073741824
Narrow klass base: 0x00000175ab000000, Narrow klass shift: 0, Narrow klass range: 0x100000000

GC Precious Log:
 CPUs: 4 total, 4 available
 Memory: 3818M
 Large Page Support: Disabled
 NUMA Support: Disabled
 Compressed Oops: Enabled (32-bit)
 Heap Region Size: 1M
 Heap Min Capacity: 8M
 Heap Initial Capacity: 60M
 Heap Max Capacity: 956M
 Pre-touch: Disabled
 Parallel Workers: 4
 Concurrent Workers: 1
 Concurrent Refinement Workers: 4
 Periodic GC: Disabled

Heap:
 garbage-first heap   total 48128K, used 24765K [0x00000000c4400000, 0x0000000100000000)
  region size 1024K, 16 young (16384K), 3 survivors (3072K)
 Metaspace       used 24413K, committed 24704K, reserved 1114112K
  class space    used 2989K, committed 3136K, reserved 1048576K

Heap Regions: E=young(eden), S=young(survivor), O=old, HS=humongous(starts), HC=humongous(continues), CS=collection set, F=free, OA=open archive, CA=closed archive, TAMS=top-at-mark-start (previous, next)
|   0|0x00000000c4400000, 0x00000000c4500000, 0x00000000c4500000|100%| O|  |TAMS 0x00000000c4500000, 0x00000000c4400000| Untracked 
|   1|0x00000000c4500000, 0x00000000c4600000, 0x00000000c4600000|100%| O|  |TAMS 0x00000000c4600000, 0x00000000c4500000| Untracked 
|   2|0x00000000c4600000, 0x00000000c4700000, 0x00000000c4700000|100%| O|  |TAMS 0x00000000c4700000, 0x00000000c4600000| Untracked 
|   3|0x00000000c4700000, 0x00000000c4800000, 0x00000000c4800000|100%| O|  |TAMS 0x00000000c4800000, 0x00000000c4700000| Untracked 
|   4|0x00000000c4800000, 0x00000000c4900000, 0x00000000c4900000|100%| O|  |TAMS 0x00000000c4900000, 0x00000000c4800000| Untracked 
|   5|0x00000000c4900000, 0x00000000c4a00000, 0x00000000c4a00000|100%| O|  |TAMS 0x00000000c4a00000, 0x00000000c4900000| Untracked 
|   6|0x00000000c4a00000, 0x00000000c4b00000, 0x00000000c4b00000|100%| O|  |TAMS 0x00000000c4a3c000, 0x00000000c4a00000| Untracked 
|   7|0x00000000c4b00000, 0x00000000c4c00000, 0x00000000c4c00000|100%| O|  |TAMS 0x00000000c4b00000, 0x00000000c4b00000| Untracked 
|   8|0x00000000c4c00000, 0x00000000c4d00000, 0x00000000c4d00000|100%| O|  |TAMS 0x00000000c4c00000, 0x00000000c4c00000| Untracked 
|   9|0x00000000c4d00000, 0x00000000c4d2f600, 0x00000000c4e00000| 18%| O|  |TAMS 0x00000000c4d00000, 0x00000000c4d00000| Untracked 
|  10|0x00000000c4e00000, 0x00000000c4e00000, 0x00000000c4f00000|  0%| F|  |TAMS 0x00000000c4e00000, 0x00000000c4e00000| Untracked 
|  11|0x00000000c4f00000, 0x00000000c4f00000, 0x00000000c5000000|  0%| F|  |TAMS 0x00000000c4f00000, 0x00000000c4f00000| Untracked 
|  12|0x00000000c5000000, 0x00000000c5000000, 0x00000000c5100000|  0%| F|  |TAMS 0x00000000c5000000, 0x00000000c5000000| Untracked 
|  13|0x00000000c5100000, 0x00000000c5100000, 0x00000000c5200000|  0%| F|  |TAMS 0x00000000c5100000, 0x00000000c5100000| Untracked 
|  14|0x00000000c5200000, 0x00000000c5200000, 0x00000000c5300000|  0%| F|  |TAMS 0x00000000c5200000, 0x00000000c5200000| Untracked 
|  15|0x00000000c5300000, 0x00000000c5300000, 0x00000000c5400000|  0%| F|  |TAMS 0x00000000c5300000, 0x00000000c5300000| Untracked 
|  16|0x00000000c5400000, 0x00000000c5400000, 0x00000000c5500000|  0%| F|  |TAMS 0x00000000c5400000, 0x00000000c5400000| Untracked 
|  17|0x00000000c5500000, 0x00000000c5500000, 0x00000000c5600000|  0%| F|  |TAMS 0x00000000c5500000, 0x00000000c5500000| Untracked 
|  18|0x00000000c5600000, 0x00000000c5600000, 0x00000000c5700000|  0%| F|  |TAMS 0x00000000c5600000, 0x00000000c5600000| Untracked 
|  19|0x00000000c5700000, 0x00000000c5700000, 0x00000000c5800000|  0%| F|  |TAMS 0x00000000c5700000, 0x00000000c5700000| Untracked 
|  20|0x00000000c5800000, 0x00000000c5800000, 0x00000000c5900000|  0%| F|  |TAMS 0x00000000c5800000, 0x00000000c5800000| Untracked 
|  21|0x00000000c5900000, 0x00000000c5900000, 0x00000000c5a00000|  0%| F|  |TAMS 0x00000000c5900000, 0x00000000c5900000| Untracked 
|  22|0x00000000c5a00000, 0x00000000c5a00000, 0x00000000c5b00000|  0%| F|  |TAMS 0x00000000c5a00000, 0x00000000c5a00000| Untracked 
|  23|0x00000000c5b00000, 0x00000000c5b00000, 0x00000000c5c00000|  0%| F|  |TAMS 0x00000000c5b00000, 0x00000000c5b00000| Untracked 
|  24|0x00000000c5c00000, 0x00000000c5c00000, 0x00000000c5d00000|  0%| F|  |TAMS 0x00000000c5c00000, 0x00000000c5c00000| Untracked 
|  25|0x00000000c5d00000, 0x00000000c5d00000, 0x00000000c5e00000|  0%| F|  |TAMS 0x00000000c5d00000, 0x00000000c5d00000| Untracked 
|  26|0x00000000c5e00000, 0x00000000c5e00000, 0x00000000c5f00000|  0%| F|  |TAMS 0x00000000c5e00000, 0x00000000c5e00000| Untracked 
|  27|0x00000000c5f00000, 0x00000000c5f00000, 0x00000000c6000000|  0%| F|  |TAMS 0x00000000c5f00000, 0x00000000c5f00000| Untracked 
|  28|0x00000000c6000000, 0x00000000c6000000, 0x00000000c6100000|  0%| F|  |TAMS 0x00000000c6000000, 0x00000000c6000000| Untracked 
|  29|0x00000000c6100000, 0x00000000c6100000, 0x00000000c6200000|  0%| F|  |TAMS 0x00000000c6100000, 0x00000000c6100000| Untracked 
|  30|0x00000000c6200000, 0x00000000c6200000, 0x00000000c6300000|  0%| F|  |TAMS 0x00000000c6200000, 0x00000000c6200000| Untracked 
|  31|0x00000000c6300000, 0x00000000c63d3c30, 0x00000000c6400000| 82%| E|  |TAMS 0x00000000c6300000, 0x00000000c6300000| Complete 
|  32|0x00000000c6400000, 0x00000000c6500000, 0x00000000c6500000|100%| E|CS|TAMS 0x00000000c6400000, 0x00000000c6400000| Complete 
|  33|0x00000000c6500000, 0x00000000c6600000, 0x00000000c6600000|100%| E|CS|TAMS 0x00000000c6500000, 0x00000000c6500000| Complete 
|  34|0x00000000c6600000, 0x00000000c6700000, 0x00000000c6700000|100%| S|CS|TAMS 0x00000000c6600000, 0x00000000c6600000| Complete 
|  35|0x00000000c6700000, 0x00000000c6800000, 0x00000000c6800000|100%| E|CS|TAMS 0x00000000c6700000, 0x00000000c6700000| Complete 
|  36|0x00000000c6800000, 0x00000000c6900000, 0x00000000c6900000|100%| E|CS|TAMS 0x00000000c6800000, 0x00000000c6800000| Complete 
|  37|0x00000000c6900000, 0x00000000c6a00000, 0x00000000c6a00000|100%| E|CS|TAMS 0x00000000c6900000, 0x00000000c6900000| Complete 
|  38|0x00000000c6a00000, 0x00000000c6b00000, 0x00000000c6b00000|100%| S|CS|TAMS 0x00000000c6a00000, 0x00000000c6a00000| Complete 
|  39|0x00000000c6b00000, 0x00000000c6c00000, 0x00000000c6c00000|100%| S|CS|TAMS 0x00000000c6b00000, 0x00000000c6b00000| Complete 
|  40|0x00000000c6c00000, 0x00000000c6d00000, 0x00000000c6d00000|100%| E|CS|TAMS 0x00000000c6c00000, 0x00000000c6c00000| Complete 
|  41|0x00000000c6d00000, 0x00000000c6e00000, 0x00000000c6e00000|100%| E|CS|TAMS 0x00000000c6d00000, 0x00000000c6d00000| Complete 
|  42|0x00000000c6e00000, 0x00000000c6f00000, 0x00000000c6f00000|100%| E|CS|TAMS 0x00000000c6e00000, 0x00000000c6e00000| Complete 
|  43|0x00000000c6f00000, 0x00000000c7000000, 0x00000000c7000000|100%| E|CS|TAMS 0x00000000c6f00000, 0x00000000c6f00000| Complete 
|  44|0x00000000c7000000, 0x00000000c7100000, 0x00000000c7100000|100%| E|CS|TAMS 0x00000000c7000000, 0x00000000c7000000| Complete 
|  45|0x00000000c7100000, 0x00000000c7200000, 0x00000000c7200000|100%| E|CS|TAMS 0x00000000c7100000, 0x00000000c7100000| Complete 
|  59|0x00000000c7f00000, 0x00000000c8000000, 0x00000000c8000000|100%| E|CS|TAMS 0x00000000c7f00000, 0x00000000c7f00000| Complete 

Card table byte_map: [0x00000175a6790000,0x00000175a6970000] _byte_map_base: 0x00000175a616e000

Marking Bits (Prev, Next): (CMBitMap*) 0x000001758fd40580, (CMBitMap*) 0x000001758fd40540
 Prev Bits: [0x00000175a7a40000, 0x00000175a8930000)
 Next Bits: [0x00000175a6b50000, 0x00000175a7a40000)

Polling page: 0x000001758f4d0000

Metaspace:

Usage:
  Non-class:     20.93 MB used.
      Class:      2.92 MB used.
       Both:     23.85 MB used.

Virtual space:
  Non-class space:       64.00 MB reserved,      21.06 MB ( 33%) committed,  1 nodes.
      Class space:        1.00 GB reserved,       3.06 MB ( <1%) committed,  1 nodes.
             Both:        1.06 GB reserved,      24.12 MB (  2%) committed. 

Chunk freelists:
   Non-Class:  10.44 MB
       Class:  12.95 MB
        Both:  23.39 MB

MaxMetaspaceSize: unlimited
CompressedClassSpaceSize: 1.00 GB
Initial GC threshold: 21.00 MB
Current GC threshold: 35.12 MB
CDS: on
MetaspaceReclaimPolicy: balanced
 - commit_granule_bytes: 65536.
 - commit_granule_words: 8192.
 - virtual_space_node_default_size: 8388608.
 - enlarge_chunks_in_place: 1.
 - new_chunks_are_fully_committed: 0.
 - uncommit_free_chunks: 1.
 - use_allocation_guard: 0.
 - handle_deallocations: 1.


Internal statistics:

num_allocs_failed_limit: 3.
num_arena_births: 364.
num_arena_deaths: 0.
num_vsnodes_births: 2.
num_vsnodes_deaths: 0.
num_space_committed: 384.
num_space_uncommitted: 0.
num_chunks_returned_to_freelist: 3.
num_chunks_taken_from_freelist: 1035.
num_chunk_merges: 3.
num_chunk_splits: 641.
num_chunks_enlarged: 424.
num_inconsistent_stats: 0.

CodeHeap 'non-profiled nmethods': size=120000Kb used=1202Kb max_used=1202Kb free=118797Kb
 bounds [0x000001759f080000, 0x000001759f2f0000, 0x00000175a65b0000]
CodeHeap 'profiled nmethods': size=120000Kb used=5562Kb max_used=5562Kb free=114437Kb
 bounds [0x00000175975b0000, 0x0000017597b20000, 0x000001759eae0000]
CodeHeap 'non-nmethods': size=5760Kb used=1292Kb max_used=1320Kb free=4467Kb
 bounds [0x000001759eae0000, 0x000001759ed50000, 0x000001759f080000]
 total_blobs=3375 nmethods=2775 adapters=512
 compilation: enabled
              stopped_count=0, restarted_count=0
 full_count=0

Compilation events (20 events):
Event: 14.135 Thread 0x00000175aadb9f20 2764       4       java.lang.Character::hashCode (8 bytes)
Event: 14.136 Thread 0x00000175aadb9f20 nmethod 2764 0x000001759f1a8190 code [0x000001759f1a8300, 0x000001759f1a8378]
Event: 14.140 Thread 0x00000175aadba830 2766       3       java.lang.StackTraceElement::toString (322 bytes)
Event: 14.143 Thread 0x00000175aadba830 nmethod 2766 0x0000017597b17710 code [0x0000017597b17d80, 0x0000017597b1abf8]
Event: 14.143 Thread 0x00000175aadba830 2767       3       java.lang.StackTraceElement::dropClassLoaderName (16 bytes)
Event: 14.143 Thread 0x00000175aadba830 nmethod 2767 0x0000017597b1ba90 code [0x0000017597b1bc20, 0x0000017597b1bd98]
Event: 14.143 Thread 0x00000175aadba830 2768       3       java.lang.StackTraceElement::isNativeMethod (15 bytes)
Event: 14.144 Thread 0x00000175aadba830 nmethod 2768 0x0000017597b1be10 code [0x0000017597b1bfa0, 0x0000017597b1c118]
Event: 14.146 Thread 0x00000175aadba830 2769 %     3       java.lang.StringCoding::implEncodeAsciiArray @ 3 (47 bytes)
Event: 14.146 Thread 0x00000175aadba830 nmethod 2769% 0x0000017597b1c190 code [0x0000017597b1c340, 0x0000017597b1c638]
Event: 14.146 Thread 0x00000175aadba830 2770       3       java.lang.StringCoding::implEncodeAsciiArray (47 bytes)
Event: 14.147 Thread 0x00000175aadba830 nmethod 2770 0x0000017597b1c790 code [0x0000017597b1c940, 0x0000017597b1cb98]
Event: 14.150 Thread 0x00000175aadb9f20 2771       4       java.lang.invoke.MethodType$ConcurrentWeakInternSet::get (47 bytes)
Event: 14.159 Thread 0x00000175aadba830 2772       3       jdk.internal.reflect.ReflectionFactory::copyField (11 bytes)
Event: 14.160 Thread 0x00000175aadba830 nmethod 2772 0x0000017597b1cd10 code [0x0000017597b1cec0, 0x0000017597b1d0a8]
Event: 14.160 Thread 0x00000175aadba830 2773       3       java.lang.reflect.ReflectAccess::copyField (5 bytes)
Event: 14.160 Thread 0x00000175aadba830 nmethod 2773 0x0000017597b1d210 code [0x0000017597b1d3c0, 0x0000017597b1d508]
Event: 14.160 Thread 0x00000175aadba830 2774       3       java.lang.reflect.Field::copy (80 bytes)
Event: 14.160 Thread 0x00000175aadba830 nmethod 2774 0x0000017597b1d610 code [0x0000017597b1d7e0, 0x0000017597b1dbd8]
Event: 14.165 Thread 0x00000175aadba830 2776   !   3       java.util.concurrent.ConcurrentHashMap::transfer (849 bytes)

GC Heap History (8 events):
Event: 1.726 GC heap before
{Heap before GC invocations=0 (full 0):
 garbage-first heap   total 61440K, used 12288K [0x00000000c4400000, 0x0000000100000000)
  region size 1024K, 13 young (13312K), 0 survivors (0K)
 Metaspace       used 4896K, committed 5120K, reserved 1114112K
  class space    used 528K, committed 640K, reserved 1048576K
}
Event: 1.732 GC heap after
{Heap after GC invocations=1 (full 0):
 garbage-first heap   total 61440K, used 6070K [0x00000000c4400000, 0x0000000100000000)
  region size 1024K, 2 young (2048K), 2 survivors (2048K)
 Metaspace       used 4896K, committed 5120K, reserved 1114112K
  class space    used 528K, committed 640K, reserved 1048576K
}
Event: 2.101 GC heap before
{Heap before GC invocations=1 (full 0):
 garbage-first heap   total 61440K, used 15286K [0x00000000c4400000, 0x0000000100000000)
  region size 1024K, 11 young (11264K), 2 survivors (2048K)
 Metaspace       used 7020K, committed 7296K, reserved 1114112K
  class space    used 806K, committed 960K, reserved 1048576K
}
Event: 2.104 GC heap after
{Heap after GC invocations=2 (full 0):
 garbage-first heap   total 61440K, used 6624K [0x00000000c4400000, 0x0000000100000000)
  region size 1024K, 1 young (1024K), 1 survivors (1024K)
 Metaspace       used 7020K, committed 7296K, reserved 1114112K
  class space    used 806K, committed 960K, reserved 1048576K
}
Event: 2.811 GC heap before
{Heap before GC invocations=2 (full 0):
 garbage-first heap   total 61440K, used 28128K [0x00000000c4400000, 0x0000000100000000)
  region size 1024K, 22 young (22528K), 1 survivors (1024K)
 Metaspace       used 12776K, committed 13056K, reserved 1114112K
  class space    used 1448K, committed 1600K, reserved 1048576K
}
Event: 2.816 GC heap after
{Heap after GC invocations=3 (full 0):
 garbage-first heap   total 61440K, used 9456K [0x00000000c4400000, 0x0000000100000000)
  region size 1024K, 3 young (3072K), 3 survivors (3072K)
 Metaspace       used 12776K, committed 13056K, reserved 1114112K
  class space    used 1448K, committed 1600K, reserved 1048576K
}
Event: 6.232 GC heap before
{Heap before GC invocations=3 (full 0):
 garbage-first heap   total 61440K, used 27888K [0x00000000c4400000, 0x0000000100000000)
  region size 1024K, 23 young (23552K), 3 survivors (3072K)
 Metaspace       used 21232K, committed 21504K, reserved 1114112K
  class space    used 2500K, committed 2624K, reserved 1048576K
}
Event: 6.250 GC heap after
{Heap after GC invocations=4 (full 0):
 garbage-first heap   total 61440K, used 12477K [0x00000000c4400000, 0x0000000100000000)
  region size 1024K, 3 young (3072K), 3 survivors (3072K)
 Metaspace       used 21232K, committed 21504K, reserved 1114112K
  class space    used 2500K, committed 2624K, reserved 1048576K
}

Deoptimization events (20 events):
Event: 13.202 Thread 0x000001758fd05660 Uncommon trap: trap_request=0xffffff45 fr.pc=0x000001759f13a3e4 relative=0x0000000000000be4
Event: 13.202 Thread 0x000001758fd05660 Uncommon trap: reason=unstable_if action=reinterpret pc=0x000001759f13a3e4 method=java.util.Properties$LineReader.readLine()I @ 379 c2
Event: 13.202 Thread 0x000001758fd05660 DEOPT PACKING pc=0x000001759f13a3e4 sp=0x00000019b92fd410
Event: 13.202 Thread 0x000001758fd05660 DEOPT UNPACKING pc=0x000001759eb35ba3 sp=0x00000019b92fd3a8 mode 2
Event: 13.292 Thread 0x000001758fd05660 Uncommon trap: trap_request=0xffffff45 fr.pc=0x000001759f17a4ac relative=0x0000000000004bac
Event: 13.292 Thread 0x000001758fd05660 Uncommon trap: reason=unstable_if action=reinterpret pc=0x000001759f17a4ac method=java.lang.invoke.MethodType.makeImpl(Ljava/lang/Class;[Ljava/lang/Class;Z)Ljava/lang/invoke/MethodType; @ 47 c2
Event: 13.292 Thread 0x000001758fd05660 DEOPT PACKING pc=0x000001759f17a4ac sp=0x00000019b92fcb80
Event: 13.292 Thread 0x000001758fd05660 DEOPT UNPACKING pc=0x000001759eb35ba3 sp=0x00000019b92fcbb0 mode 2
Event: 14.015 Thread 0x000001758fd05660 Uncommon trap: trap_request=0xffffff45 fr.pc=0x000001759f0fff78 relative=0x00000000000003d8
Event: 14.015 Thread 0x000001758fd05660 Uncommon trap: reason=unstable_if action=reinterpret pc=0x000001759f0fff78 method=java.util.HashMap.hash(Ljava/lang/Object;)I @ 1 c2
Event: 14.015 Thread 0x000001758fd05660 DEOPT PACKING pc=0x000001759f0fff78 sp=0x00000019b92fdbf0
Event: 14.015 Thread 0x000001758fd05660 DEOPT UNPACKING pc=0x000001759eb35ba3 sp=0x00000019b92fdaf8 mode 2
Event: 14.041 Thread 0x000001758fd05660 Uncommon trap: trap_request=0xffffff45 fr.pc=0x000001759f127098 relative=0x0000000000000098
Event: 14.041 Thread 0x000001758fd05660 Uncommon trap: reason=unstable_if action=reinterpret pc=0x000001759f127098 method=java.util.HashMap.hash(Ljava/lang/Object;)I @ 1 c2
Event: 14.041 Thread 0x000001758fd05660 DEOPT PACKING pc=0x000001759f127098 sp=0x00000019b92fd960
Event: 14.041 Thread 0x000001758fd05660 DEOPT UNPACKING pc=0x000001759eb35ba3 sp=0x00000019b92fd8f8 mode 2
Event: 14.061 Thread 0x000001758fd05660 Uncommon trap: trap_request=0xffffff45 fr.pc=0x000001759f147d80 relative=0x0000000000000080
Event: 14.061 Thread 0x000001758fd05660 Uncommon trap: reason=unstable_if action=reinterpret pc=0x000001759f147d80 method=java.lang.String.codePointAt(I)I @ 4 c2
Event: 14.062 Thread 0x000001758fd05660 DEOPT PACKING pc=0x000001759f147d80 sp=0x00000019b92fdf70
Event: 14.062 Thread 0x000001758fd05660 DEOPT UNPACKING pc=0x000001759eb35ba3 sp=0x00000019b92fdf08 mode 2

Classes unloaded (0 events):
No events

Classes redefined (0 events):
No events

Internal exceptions (20 events):
Event: 5.944 Thread 0x000001758fd05660 Exception <a 'java/lang/NoSuchMethodError'{0x00000000c6d6b970}: 'java.lang.Object java.lang.invoke.DirectMethodHandle$Holder.invokeVirtual(java.lang.Object, java.lang.Object, java.lang.Object, java.lang.Object)'> (0x00000000c6d6b970) 
thrown [s\open\src\hotspot\share\interpreter\linkResolver.cpp, line 759]
Event: 6.074 Thread 0x00000175f066aa90 Exception <a 'java/net/ConnectException'{0x00000000c6c2ddf8}: Connection refused: no further information> (0x00000000c6c2ddf8) 
thrown [s\open\src\hotspot\share\prims\jni.cpp, line 535]
Event: 6.074 Thread 0x00000175f066aa90 Exception <a 'java/net/SocketException'{0x00000000c6c2e130}: Socket is not connected: shutdown> (0x00000000c6c2e130) 
thrown [s\open\src\hotspot\share\prims\jni.cpp, line 535]
Event: 6.119 Thread 0x00000175f066aa90 Exception <a 'java/net/ConnectException'{0x00000000c6c2f0a8}: Connection refused: no further information> (0x00000000c6c2f0a8) 
thrown [s\open\src\hotspot\share\prims\jni.cpp, line 535]
Event: 6.120 Thread 0x00000175f066aa90 Exception <a 'java/net/SocketException'{0x00000000c6c2f3e0}: Socket is not connected: shutdown> (0x00000000c6c2f3e0) 
thrown [s\open\src\hotspot\share\prims\jni.cpp, line 535]
Event: 6.152 Thread 0x00000175f066aa90 Exception <a 'java/net/ConnectException'{0x00000000c6c30288}: Connection refused: no further information> (0x00000000c6c30288) 
thrown [s\open\src\hotspot\share\prims\jni.cpp, line 535]
Event: 6.152 Thread 0x00000175f066aa90 Exception <a 'java/net/SocketException'{0x00000000c6c305c0}: Socket is not connected: shutdown> (0x00000000c6c305c0) 
thrown [s\open\src\hotspot\share\prims\jni.cpp, line 535]
Event: 6.300 Thread 0x000001758fd05660 Exception <a 'java/lang/NoSuchMethodError'{0x00000000c7fa5480}: 'java.lang.Object java.lang.invoke.DirectMethodHandle$Holder.newInvokeSpecial(java.lang.Object, java.lang.Object, int, int)'> (0x00000000c7fa5480) 
thrown [s\open\src\hotspot\share\interpreter\linkResolver.cpp, line 759]
Event: 6.302 Thread 0x000001758fd05660 Exception <a 'java/lang/NoSuchMethodError'{0x00000000c7fb0210}: 'void java.lang.invoke.DirectMethodHandle$Holder.invokeStatic(java.lang.Object, java.lang.Object, int)'> (0x00000000c7fb0210) 
thrown [s\open\src\hotspot\share\interpreter\linkResolver.cpp, line 759]
Event: 6.376 Thread 0x00000175f066a070 Exception <a 'java/lang/NoSuchMethodError'{0x00000000c70bc428}: 'java.lang.Object java.lang.invoke.DirectMethodHandle$Holder.invokeSpecial(java.lang.Object, java.lang.Object, java.lang.Object, java.lang.Object, int)'> (0x00000000c70bc428) 
thrown [s\open\src\hotspot\share\interpreter\linkResolver.cpp, line 759]
Event: 6.376 Thread 0x00000175f066a070 Exception <a 'java/lang/NoSuchMethodError'{0x00000000c70bfff0}: 'java.lang.Object java.lang.invoke.Invokers$Holder.linkToTargetMethod(java.lang.Object, java.lang.Object, int, java.lang.Object)'> (0x00000000c70bfff0) 
thrown [s\open\src\hotspot\share\interpreter\linkResolver.cpp, line 759]
Event: 6.392 Thread 0x00000175f066a070 Exception <a 'java/lang/NoSuchMethodError'{0x00000000c6f12578}: 'void java.lang.invoke.DirectMethodHandle$Holder.invokeSpecial(java.lang.Object, java.lang.Object, java.lang.Object, java.lang.Object, java.lang.Object)'> (0x00000000c6f12578) 
thrown [s\open\src\hotspot\share\interpreter\linkResolver.cpp, line 759]
Event: 12.408 Thread 0x00000175f066a070 Exception <a 'java/lang/NoSuchMethodError'{0x00000000c6e06f88}: 'java.lang.Object java.lang.invoke.DirectMethodHandle$Holder.newInvokeSpecial(java.lang.Object, java.lang.Object, long, java.lang.Object, java.lang.Object, java.lang.Object)'> (0x00000000c6e06f88) 
thrown [s\open\src\hotspot\share\interpreter\linkResolver.cpp, line 759]
Event: 12.421 Thread 0x00000175f066a070 Exception <a 'java/lang/NoSuchMethodError'{0x00000000c6e1f380}: 'void java.lang.invoke.DirectMethodHandle$Holder.invokeSpecial(java.lang.Object, java.lang.Object, java.lang.Object, java.lang.Object, java.lang.Object, java.lang.Object, java.lang.Object)'> (0x00000000c6e1f380) 
thrown [s\open\src\hotspot\share\interpreter\linkResolver.cpp, line 759]
Event: 12.457 Thread 0x000001758fd05660 Exception <a 'java/lang/NoSuchMethodError'{0x00000000c704a628}: 'java.lang.Object java.lang.invoke.DirectMethodHandle$Holder.invokeSpecialIFC(java.lang.Object, java.lang.Object, java.lang.Object)'> (0x00000000c704a628) 
thrown [s\open\src\hotspot\share\interpreter\linkResolver.cpp, line 759]
Event: 13.998 Thread 0x000001758fd05660 Exception <a 'java/lang/reflect/InvocationTargetException'{0x00000000c6747120}> (0x00000000c6747120) 
thrown [s\open\src\hotspot\share\runtime\reflection.cpp, line 1121]
Event: 14.015 Thread 0x000001758fd05660 Implicit null exception at 0x000001759f0ffbea to 0x000001759f0fff58
Event: 14.041 Thread 0x000001758fd05660 Implicit null exception at 0x000001759f12700f to 0x000001759f127089
Event: 14.159 Thread 0x000001758fd05660 Exception <a 'java/lang/NullPointerException'{0x00000000c64c8bd8}> (0x00000000c64c8bd8) 
thrown [s\open\src\hotspot\share\interpreter\linkResolver.cpp, line 1433]
Event: 14.162 Thread 0x000001758fd05660 Exception <a 'java/lang/NoSuchMethodError'{0x00000000c64e69d8}: 'long java.lang.invoke.DirectMethodHandle$Holder.invokeStatic(java.lang.Object, java.lang.Object)'> (0x00000000c64e69d8) 
thrown [s\open\src\hotspot\share\interpreter\linkResolver.cpp, line 759]

VM Operations (20 events):
Event: 6.209 Executing VM operation: HandshakeAllThreads
Event: 6.209 Executing VM operation: HandshakeAllThreads done
Event: 6.209 Executing VM operation: Cleanup
Event: 6.209 Executing VM operation: Cleanup done
Event: 6.211 Executing VM operation: HandshakeAllThreads
Event: 6.211 Executing VM operation: HandshakeAllThreads done
Event: 6.214 Executing VM operation: HandshakeAllThreads
Event: 6.214 Executing VM operation: HandshakeAllThreads done
Event: 6.232 Executing VM operation: CollectForMetadataAllocation
Event: 6.251 Executing VM operation: CollectForMetadataAllocation done
Event: 6.273 Executing VM operation: G1Concurrent
Event: 6.279 Executing VM operation: G1Concurrent done
Event: 6.290 Executing VM operation: G1Concurrent
Event: 6.291 Executing VM operation: G1Concurrent done
Event: 7.297 Executing VM operation: Cleanup
Event: 7.297 Executing VM operation: Cleanup done
Event: 12.357 Executing VM operation: HandshakeAllThreads
Event: 12.357 Executing VM operation: HandshakeAllThreads done
Event: 13.357 Executing VM operation: Cleanup
Event: 13.357 Executing VM operation: Cleanup done

Events (20 events):
Event: 14.044 loading class java/util/concurrent/ConcurrentLinkedQueue$Itr
Event: 14.044 loading class java/util/concurrent/ConcurrentLinkedQueue$Itr done
Event: 14.058 loading class java/util/concurrent/ConcurrentHashMap$KeySpliterator
Event: 14.058 loading class java/util/concurrent/ConcurrentHashMap$KeySpliterator done
Event: 14.064 loading class java/io/FileWriter
Event: 14.065 loading class java/io/FileWriter done
Event: 14.065 loading class java/io/FileReader
Event: 14.065 loading class java/io/FileReader done
Event: 14.080 loading class java/net/InetAddress$CachedLocalHost
Event: 14.081 loading class java/net/InetAddress$CachedLocalHost done
Event: 14.090 loading class java/text/StringCharacterIterator
Event: 14.090 loading class java/text/CharacterIterator
Event: 14.091 loading class java/text/CharacterIterator done
Event: 14.091 loading class java/text/StringCharacterIterator done
Event: 14.092 loading class java/util/concurrent/ConcurrentLinkedDeque$Itr
Event: 14.092 loading class java/util/concurrent/ConcurrentLinkedDeque$AbstractItr
Event: 14.092 loading class java/util/concurrent/ConcurrentLinkedDeque$AbstractItr done
Event: 14.092 loading class java/util/concurrent/ConcurrentLinkedDeque$Itr done
Event: 14.120 loading class java/io/FileOutputStream$1
Event: 14.121 loading class java/io/FileOutputStream$1 done


Dynamic libraries:
0x00007ff6fc5c0000 - 0x00007ff6fc5d0000 	C:\Program Files\Java\jdk-17\bin\javaw.exe
0x00007ffae5390000 - 0x00007ffae5588000 	C:\Windows\SYSTEM32\ntdll.dll
0x00007ffae34b0000 - 0x00007ffae3572000 	C:\Windows\System32\KERNEL32.DLL
0x00007ffae2b40000 - 0x00007ffae2e3e000 	C:\Windows\System32\KERNELBASE.dll
0x00007ffae2ff0000 - 0x00007ffae30f0000 	C:\Windows\System32\ucrtbase.dll
0x00007ffabfc00000 - 0x00007ffabfc19000 	C:\Program Files\Java\jdk-17\bin\jli.dll
0x00007ffae3920000 - 0x00007ffae39d2000 	C:\Windows\System32\ADVAPI32.dll
0x00007ffae3b70000 - 0x00007ffae3c0e000 	C:\Windows\System32\msvcrt.dll
0x00007ffae33b0000 - 0x00007ffae3450000 	C:\Windows\System32\sechost.dll
0x00007ffae37e0000 - 0x00007ffae3903000 	C:\Windows\System32\RPCRT4.dll
0x00007ffae2ae0000 - 0x00007ffae2b07000 	C:\Windows\System32\bcrypt.dll
0x00007ffae51b0000 - 0x00007ffae534d000 	C:\Windows\System32\USER32.dll
0x00007ffae2b10000 - 0x00007ffae2b32000 	C:\Windows\System32\win32u.dll
0x00007ffae5120000 - 0x00007ffae514b000 	C:\Windows\System32\GDI32.dll
0x00007ffae30f0000 - 0x00007ffae3207000 	C:\Windows\System32\gdi32full.dll
0x00007ffae32a0000 - 0x00007ffae333d000 	C:\Windows\System32\msvcp_win.dll
0x00007ffada6f0000 - 0x00007ffada6fa000 	C:\Windows\SYSTEM32\VERSION.dll
0x00007ffabfbc0000 - 0x00007ffabfbdb000 	C:\Program Files\Java\jdk-17\bin\VCRUNTIME140.dll
0x00007ffacccc0000 - 0x00007ffaccf5a000 	C:\Windows\WinSxS\amd64_microsoft.windows.common-controls_6595b64144ccf1df_6.0.19041.4355_none_60b8b9eb71f62e16\COMCTL32.dll
0x00007ffae4510000 - 0x00007ffae453f000 	C:\Windows\System32\IMM32.DLL
0x00007ffabfbf0000 - 0x00007ffabfbfc000 	C:\Program Files\Java\jdk-17\bin\vcruntime140_1.dll
0x00007ffabfb30000 - 0x00007ffabfbbe000 	C:\Program Files\Java\jdk-17\bin\msvcp140.dll
0x00007ffabef50000 - 0x00007ffabfb2f000 	C:\Program Files\Java\jdk-17\bin\server\jvm.dll
0x00007ffae37d0000 - 0x00007ffae37d8000 	C:\Windows\System32\PSAPI.DLL
0x00007ffad6780000 - 0x00007ffad67a7000 	C:\Windows\SYSTEM32\WINMM.dll
0x00007ffabfbe0000 - 0x00007ffabfbe9000 	C:\Windows\SYSTEM32\WSOCK32.dll
0x00007ffae39e0000 - 0x00007ffae3a4b000 	C:\Windows\System32\WS2_32.dll
0x00007ffae1250000 - 0x00007ffae1262000 	C:\Windows\SYSTEM32\kernel.appcore.dll
0x00007ffabebd0000 - 0x00007ffabebda000 	C:\Program Files\Java\jdk-17\bin\jimage.dll
0x00007ffae05e0000 - 0x00007ffae07c4000 	C:\Windows\SYSTEM32\DBGHELP.DLL
0x00007ffac6e00000 - 0x00007ffac6e34000 	C:\Windows\SYSTEM32\dbgcore.DLL
0x00007ffae3210000 - 0x00007ffae3292000 	C:\Windows\System32\bcryptPrimitives.dll
0x00007ffabeba0000 - 0x00007ffabebc5000 	C:\Program Files\Java\jdk-17\bin\java.dll
0x00007ffabea50000 - 0x00007ffabeb27000 	C:\Program Files\Java\jdk-17\bin\jsvml.dll
0x00007ffae3da0000 - 0x00007ffae450f000 	C:\Windows\System32\SHELL32.dll
0x00007ffae0a90000 - 0x00007ffae1234000 	C:\Windows\SYSTEM32\windows.storage.dll
0x00007ffae4c10000 - 0x00007ffae4f63000 	C:\Windows\System32\combase.dll
0x00007ffae2460000 - 0x00007ffae248e000 	C:\Windows\SYSTEM32\Wldp.dll
0x00007ffae5050000 - 0x00007ffae511d000 	C:\Windows\System32\OLEAUT32.dll
0x00007ffae3670000 - 0x00007ffae371d000 	C:\Windows\System32\SHCORE.dll
0x00007ffae5150000 - 0x00007ffae51a5000 	C:\Windows\System32\shlwapi.dll
0x00007ffae2960000 - 0x00007ffae2984000 	C:\Windows\SYSTEM32\profapi.dll
0x00007ffabe550000 - 0x00007ffabe569000 	C:\Program Files\Java\jdk-17\bin\net.dll
0x00007ffadd160000 - 0x00007ffadd26d000 	C:\Windows\SYSTEM32\WINHTTP.dll
0x00007ffae21c0000 - 0x00007ffae222a000 	C:\Windows\system32\mswsock.dll
0x00007ffabe520000 - 0x00007ffabe536000 	C:\Program Files\Java\jdk-17\bin\nio.dll
0x00007ffabe500000 - 0x00007ffabe518000 	C:\Program Files\Java\jdk-17\bin\zip.dll
0x00007ffab1e60000 - 0x00007ffab1e70000 	C:\Program Files\Java\jdk-17\bin\verify.dll
0x00007ffae1e90000 - 0x00007ffae1f5a000 	C:\Windows\SYSTEM32\DNSAPI.dll
0x00007ffae1e50000 - 0x00007ffae1e8b000 	C:\Windows\SYSTEM32\IPHLPAPI.DLL
0x00007ffae3910000 - 0x00007ffae3918000 	C:\Windows\System32\NSI.dll
0x00007ffadae20000 - 0x00007ffadae2a000 	C:\Windows\System32\rasadhlp.dll
0x00007ffad1990000 - 0x00007ffad1a10000 	C:\Windows\System32\fwpuclnt.dll
0x00007ffae23b0000 - 0x00007ffae23c8000 	C:\Windows\SYSTEM32\CRYPTSP.dll
0x00007ffae1a70000 - 0x00007ffae1aa4000 	C:\Windows\system32\rsaenh.dll
0x00007ffae28e0000 - 0x00007ffae290e000 	C:\Windows\SYSTEM32\USERENV.dll
0x00007ffae23d0000 - 0x00007ffae23dc000 	C:\Windows\SYSTEM32\CRYPTBASE.dll
0x00007ffad20f0000 - 0x00007ffad2107000 	C:\Windows\SYSTEM32\dhcpcsvc6.DLL
0x00007ffada5e0000 - 0x00007ffada5fd000 	C:\Windows\SYSTEM32\dhcpcsvc.DLL
0x00007ffadaea0000 - 0x00007ffadaeae000 	C:\Program Files\Java\jdk-17\bin\sunmscapi.dll
0x00007ffae2e90000 - 0x00007ffae2fec000 	C:\Windows\System32\CRYPT32.dll
0x00007ffae24d0000 - 0x00007ffae24f7000 	C:\Windows\SYSTEM32\ncrypt.dll
0x00007ffae2490000 - 0x00007ffae24cb000 	C:\Windows\SYSTEM32\NTASN1.dll
0x00007ffadae50000 - 0x00007ffadae57000 	C:\Windows\system32\wshunix.dll
0x00007ffabe7e0000 - 0x00007ffabe7f7000 	C:\Windows\system32\napinsp.dll
0x00007ffabe7c0000 - 0x00007ffabe7db000 	C:\Windows\system32\pnrpnsp.dll
0x00007ffadef70000 - 0x00007ffadef85000 	C:\Windows\system32\wshbth.dll
0x00007ffadd130000 - 0x00007ffadd14d000 	C:\Windows\system32\NLAapi.dll
0x00007ffabe710000 - 0x00007ffabe722000 	C:\Windows\System32\winrnr.dll

dbghelp: loaded successfully - version: 4.0.5 - missing functions: none
symbol engine: initialized successfully - sym options: 0x614 - pdb path: .;C:\Program Files\Java\jdk-17\bin;C:\Windows\SYSTEM32;C:\Windows\WinSxS\amd64_microsoft.windows.common-controls_6595b64144ccf1df_6.0.19041.4355_none_60b8b9eb71f62e16;C:\Program Files\Java\jdk-17\bin\server

VM Arguments:
jvm_args: -ea -Dfile.encoding=UTF-8 -Dstdout.encoding=UTF-8 -Dstderr.encoding=UTF-8 -XX:+ShowCodeDetailsInExceptionMessages 
java_command: org.testng.remote.RemoteTestNG -serport 54959 -protocol json -d C:\Users\BHIMASHANKAR\eclipse-workspace\NutroFusionCRM\test-output C:\Users\BHIMAS~1\AppData\Local\Temp\testng-eclipse--187142971\testng-customsuite.xml
java_class_path (initial): D:\SOFTWARES\eclipse-jee-2024-06-R-win32-x86_64\eclipse\configuration\org.eclipse.osgi\1016\0\.cp\lib\testng-remote.jar;C:\Users\BHIMASHANKAR\eclipse-workspace\NutroFusionCRM\target\test-classes;C:\Users\BHIMASHANKAR\eclipse-workspace\NutroFusionCRM\target\classes;C:\Users\BHIMASHANKAR\.m2\repository\org\seleniumhq\selenium\selenium-java\4.18.1\selenium-java-4.18.1.jar;C:\Users\BHIMASHANKAR\.m2\repository\org\seleniumhq\selenium\selenium-api\4.18.1\selenium-api-4.18.1.jar;C:\Users\BHIMASHANKAR\.m2\repository\org\seleniumhq\selenium\selenium-chrome-driver\4.18.1\selenium-chrome-driver-4.18.1.jar;C:\Users\BHIMASHANKAR\.m2\repository\com\google\auto\service\auto-service-annotations\1.1.1\auto-service-annotations-1.1.1.jar;C:\Users\BHIMASHANKAR\.m2\repository\org\seleniumhq\selenium\selenium-chromium-driver\4.18.1\selenium-chromium-driver-4.18.1.jar;C:\Users\BHIMASHANKAR\.m2\repository\org\seleniumhq\selenium\selenium-json\4.18.1\selenium-json-4.18.1.jar;C:\Users\BHIMASHANKAR\.m2\repository\org\seleniumhq\selenium\selenium-manager\4.18.1\selenium-manager-4.18.1.jar;C:\Users\BHIMASHANKAR\.m2\repository\org\seleniumhq\selenium\selenium-devtools-v120\4.18.1\selenium-devtools-v120-4.18.1.jar;C:\Users\BHIMASHANKAR\.m2\repository\org\seleniumhq\selenium\selenium-devtools-v121\4.18.1\selenium-devtools-v121-4.18.1.jar;C:\Users\BHIMASHANKAR\.m2\repository\org\seleniumhq\selenium\selenium-devtools-v122\4.18.1\selenium-devtools-v122-4.18.1.jar;C:\Users\BHIMASHANKAR\.m2\repository\org\seleniumhq\selenium\selenium-devtools-v85\4.18.1\selenium-devtools-v85-4.18.1.jar;C:\Users\BHIMASHANKAR\.m2\repository\org\seleniumhq\selenium\selenium-edge-driver\4.18.1\selenium-edge-driver-4.18.1.jar;C:\Users\BHIMASHANKAR\.m2\repository\org\seleniumhq\selenium\selenium-firefox-driver\4.18.1\selenium-firefox-driver-4.18.1.jar;C:\Users\BHIMASHANKAR\.m2\repository\org\seleniumhq\selenium\selenium-http\4.18.1\selenium-http-4.18.1.jar;C:\Users\BHIMASHANKAR\.m2\repository\dev
Launcher Type: SUN_STANDARD

[Global flags]
     intx CICompilerCount                          = 3                                         {product} {ergonomic}
     uint ConcGCThreads                            = 1                                         {product} {ergonomic}
     uint G1ConcRefinementThreads                  = 4                                         {product} {ergonomic}
   size_t G1HeapRegionSize                         = 1048576                                   {product} {ergonomic}
    uintx GCDrainStackTargetSize                   = 64                                        {product} {ergonomic}
   size_t InitialHeapSize                          = 62914560                                  {product} {ergonomic}
   size_t MarkStackSize                            = 4194304                                   {product} {ergonomic}
   size_t MaxHeapSize                              = 1002438656                                {product} {ergonomic}
   size_t MaxNewSize                               = 600834048                                 {product} {ergonomic}
   size_t MinHeapDeltaBytes                        = 1048576                                   {product} {ergonomic}
   size_t MinHeapSize                              = 8388608                                   {product} {ergonomic}
    uintx NonNMethodCodeHeapSize                   = 5832780                                {pd product} {ergonomic}
    uintx NonProfiledCodeHeapSize                  = 122912730                              {pd product} {ergonomic}
    uintx ProfiledCodeHeapSize                     = 122912730                              {pd product} {ergonomic}
    uintx ReservedCodeCacheSize                    = 251658240                              {pd product} {ergonomic}
     bool SegmentedCodeCache                       = true                                      {product} {ergonomic}
     bool ShowCodeDetailsInExceptionMessages       = true                                   {manageable} {command line}
   size_t SoftMaxHeapSize                          = 1002438656                             {manageable} {ergonomic}
     bool UseCompressedClassPointers               = true                           {product lp64_product} {ergonomic}
     bool UseCompressedOops                        = true                           {product lp64_product} {ergonomic}
     bool UseG1GC                                  = true                                      {product} {ergonomic}
     bool UseLargePagesIndividualAllocation        = false                                  {pd product} {ergonomic}

Logging:
Log output configuration:
 #0: stdout all=warning uptime,level,tags
 #1: stderr all=off uptime,level,tags

Environment Variables:
JAVA_HOME=C:\Program Files\Java\jdk-17
PATH=D:/SOFTWARES/eclipse-jee-2024-06-R-win32-x86_64/eclipse//plugins/org.eclipse.justj.openjdk.hotspot.jre.full.win32.x86_64_21.0.3.v20240426-1530/jre/bin/server;D:/SOFTWARES/eclipse-jee-2024-06-R-win32-x86_64/eclipse//plugins/org.eclipse.justj.openjdk.hotspot.jre.full.win32.x86_64_21.0.3.v20240426-1530/jre/bin;C:\Program Files\Common Files\Oracle\Java\javapath;D:\app\BHIMASHANKAR\product\11.2.0\dbhome_3\bin;C:\Windows\system32;C:\Windows;C:\Windows\System32\Wbem;C:\Windows\System32\WindowsPowerShell\v1.0\;C:\Windows\System32\OpenSSH\;C:\Program Files\dotnet\;C:\Users\BHIMASHANKAR\AppData\Local\Programs\Python\Python310\;C:\Users\BHIMASHANKAR\AppData\Local\Programs\Python\Python310\Scripts\;C:\Program Files\Java\jdk-17.0.1\bin;C:\AutomationSoftware\apache-maven-3.9.9-bin\apache-maven-3.9.9\bin;C:\Program Files\Git\cmd;C:\Program Files\nodejs\;C:\Users\BHIMASHANKAR\AppData\Local\Android\Sdk\build-tools;C:\Users\BHIMASHANKAR\AppData\Local\Android\Sdk\platforms;C:\Users\BHIMASHANKAR\AppData\Local\Android\Sdk\tools;C:\Users\BHIMASHANKAR\AppData\Local\Android\Sdk\tools\bin;C:\Program Files\MySQL\MySQL Shell 8.0\bin\;C:\Program Files\Common Files\Oracle\Java\javapath;C:\Windows\system32;C:\Windows;C:\Windows\System32\Wbem;C:\Windows\System32\WindowsPowerShell\v1.0\;C:\Windows\System32\OpenSSH\;C:\Program Files\dotnet\;C:\Users\BHIMASHANKAR\AppData\Local\Microsoft\WindowsApps;C:\Program Files\Java\jdk-17.0.1\bin;C:\xampp\phpMyAdmin;C:\xampp\mysql\bin;C:\Users\BHIMASHANKAR\AppData\Roaming\Microsoft\Windows\Start Menu\Programs\Python 3.10;C:\Program Files\Azure Data Studio\bin;C:\Windows\system32;C:\Windows;C:\Windows\System32\Wbem;C:\Windows\system32\WindowsPowerShell\v1.0\;C:\Users\BHIMASHANKAR\AppData\Local\Programs\Microsoft VS Code\bin;C:\Users\BHIMASHANKAR\AppData\Local\GitHubDesktop\bin;C:\Users\BHIMASHANKAR\AppData\Roaming\npm;D:\SOFTWARES\eclipse-jee-2024-06-R-win32-x86_64\eclipse;
USERNAME=Shankar S G
OS=Windows_NT
PROCESSOR_IDENTIFIER=Intel64 Family 6 Model 140 Stepping 1, GenuineIntel



---------------  S Y S T E M  ---------------

OS:
 Windows 10 , 64 bit Build 19041 (10.0.19041.4957)
OS uptime: 2 days 1:48 hours

CPU: total 4 (initial active 4) (2 cores per cpu, 2 threads per core) family 6 model 140 stepping 1 microcode 0xb8, cx8, cmov, fxsr, ht, mmx, 3dnowpref, sse, sse2, sse3, ssse3, sse4.1, sse4.2, popcnt, lzcnt, tsc, tscinvbit, avx, avx2, aes, erms, clmul, bmi1, bmi2, adx, avx512f, avx512dq, avx512cd, avx512bw, avx512vl, sha, fma, vzeroupper, avx512_vpopcntdq, avx512_vpclmulqdq, avx512_vaes, avx512_vnni, clflush, clflushopt, clwb, avx512_vbmi2, avx512_vbmi

Memory: 4k page, system-wide physical 3818M (76M free)
TotalPageFile size 15594M (AvailPageFile size 3M)
current process WorkingSet (physical memory assigned to process): 104M, peak: 123M
current process commit charge ("private bytes"): 164M, peak: 185M

vm_info: Java HotSpot(TM) 64-Bit Server VM (17.0.10+11-LTS-240) for windows-amd64 JRE (17.0.10+11-LTS-240), built on Dec 19 2023 21:47:25 by "mach5one" with MS VC++ 17.1 (VS2022)

END.
